#
# There is insufficient memory for the Java Runtime Environment to continue.
# Native memory allocation (mmap) failed to map 65536 bytes for Failed to commit metaspace.
# Possible reasons:
#   The system is out of physical RAM or swap space
#   The process is running with CompressedOops enabled, and the Java Heap may be blocking the growth of the native heap
# Possible solutions:
#   Reduce memory load on the system
#   Increase physical memory or swap space
#   Check if swap backing store is full
#   Decrease Java heap size (-Xmx/-Xms)
#   Decrease number of Java threads
#   Decrease Java thread stack sizes (-Xss)
#   Set larger code cache with -XX:ReservedCodeCacheSize=
#   JVM is running with Zero Based Compressed Oops mode in which the Java heap is
#     placed in the first 32GB address space. The Java Heap base address is the
#     maximum limit for the native heap growth. Please use -XX:HeapBaseMinAddress
#     to set the Java Heap base and to place the Java Heap above 32GB virtual address.
# This output file may be truncated or incomplete.
#
#  Out of Memory Error (virtualSpaceNode.cpp:110), pid=22256, tid=15528
#
# JRE version: Java(TM) SE Runtime Environment (17.0.2+8) (build 17.0.2+8-LTS-86)
# Java VM: Java HotSpot(TM) 64-Bit Server VM (17.0.2+8-LTS-86, mixed mode, tiered, compressed oops, compressed class ptrs, g1 gc, windows-amd64)
# No core dump will be written. Minidumps are not enabled by default on client versions of Windows
#

---------------  S U M M A R Y ------------

Command Line: -Dfile.encoding=UTF-8 --module-path=D:\workspace\eclipse-workspace\Programowanie objektowe\cw3\cw8\bin -XX:+ShowCodeDetailsInExceptionMessages -Djdk.module.main=Cw8 Cw8/cw8.Cw8

Host: AMD Ryzen 5 4600H with Radeon Graphics         , 12 cores, 15G,  Windows 10 , 64 bit Build 19041 (10.0.19041.1503)
Time: Fri Mar 11 19:22:48 2022  Windows 10 , 64 bit Build 19041 (10.0.19041.1503) elapsed time: 0.228958 seconds (0d 0h 0m 0s)

---------------  T H R E A D  ---------------

Current thread (0x000001737938e6a0):  JavaThread "main" [_thread_in_vm, id=15528, stack(0x00000063f5200000,0x00000063f5300000)]

Stack: [0x00000063f5200000,0x00000063f5300000]
Native frames: (J=compiled Java code, j=interpreted, Vv=VM code, C=native code)
V  [jvm.dll+0x670baa]
V  [jvm.dll+0x7cfcb4]
V  [jvm.dll+0x7d145e]
V  [jvm.dll+0x7d1ac3]
V  [jvm.dll+0x242bc5]
V  [jvm.dll+0x7cbc5b]
V  [jvm.dll+0x616966]
V  [jvm.dll+0x6169ca]
V  [jvm.dll+0x6191da]
V  [jvm.dll+0x617306]
V  [jvm.dll+0x621057]
V  [jvm.dll+0x1e7e2b]
V  [jvm.dll+0x1e8365]
V  [jvm.dll+0x1e8d9f]
V  [jvm.dll+0x1de251]
V  [jvm.dll+0x537c30]
V  [jvm.dll+0x1eea37]
V  [jvm.dll+0x74a15b]
V  [jvm.dll+0x74b502]
V  [jvm.dll+0x74bc99]
V  [jvm.dll+0x1e9054]
V  [jvm.dll+0x1de26a]
V  [jvm.dll+0x537c30]
V  [jvm.dll+0x1eea37]
V  [jvm.dll+0x74a15b]
V  [jvm.dll+0x74b502]
V  [jvm.dll+0x74b838]
V  [jvm.dll+0x23af1e]
V  [jvm.dll+0x37b2fe]
C  0x000001730779b82d

Java frames: (J=compiled Java code, j=interpreted, Vv=VM code)
j  java.nio.DirectByteBuffer.asIntBuffer()Ljava/nio/IntBuffer;+137 java.base@17.0.2
j  jdk.internal.jimage.BasicImageReader.intBuffer(Ljava/nio/ByteBuffer;II)Ljava/nio/IntBuffer;+13 java.base@17.0.2
j  jdk.internal.jimage.BasicImageReader.<init>(Ljava/nio/file/Path;Ljava/nio/ByteOrder;)V+278 java.base@17.0.2
j  jdk.internal.jimage.ImageReader$SharedImageReader.<init>(Ljava/nio/file/Path;Ljava/nio/ByteOrder;)V+3 java.base@17.0.2
j  jdk.internal.jimage.ImageReader$SharedImageReader.open(Ljava/nio/file/Path;Ljava/nio/ByteOrder;)Ljdk/internal/jimage/ImageReader;+39 java.base@17.0.2
j  jdk.internal.jimage.ImageReader.open(Ljava/nio/file/Path;Ljava/nio/ByteOrder;)Ljdk/internal/jimage/ImageReader;+12 java.base@17.0.2
j  jdk.internal.jimage.ImageReader.open(Ljava/nio/file/Path;)Ljdk/internal/jimage/ImageReader;+4 java.base@17.0.2
j  jdk.internal.jimage.ImageReaderFactory$1.apply(Ljava/nio/file/Path;)Ljdk/internal/jimage/ImageReader;+1 java.base@17.0.2
j  jdk.internal.jimage.ImageReaderFactory$1.apply(Ljava/lang/Object;)Ljava/lang/Object;+5 java.base@17.0.2
j  java.util.concurrent.ConcurrentHashMap.computeIfAbsent(Ljava/lang/Object;Ljava/util/function/Function;)Ljava/lang/Object;+115 java.base@17.0.2
j  jdk.internal.jimage.ImageReaderFactory.get(Ljava/nio/file/Path;)Ljdk/internal/jimage/ImageReader;+12 java.base@17.0.2
j  jdk.internal.jimage.ImageReaderFactory.getImageReader()Ljdk/internal/jimage/ImageReader;+3 java.base@17.0.2
j  jdk.internal.module.SystemModuleFinders$SystemImage.<clinit>()V+0 java.base@17.0.2
v  ~StubRoutines::call_stub
j  jdk.internal.module.SystemModuleFinders$SystemModuleReader.findImageLocation(Ljava/lang/String;)Ljdk/internal/jimage/ImageLocation;+22 java.base@17.0.2
j  jdk.internal.module.SystemModuleFinders$SystemModuleReader.read(Ljava/lang/String;)Ljava/util/Optional;+2 java.base@17.0.2
j  jdk.internal.loader.BuiltinClassLoader.defineClass(Ljava/lang/String;Ljdk/internal/loader/BuiltinClassLoader$LoadedModule;)Ljava/lang/Class;+79 java.base@17.0.2
j  jdk.internal.loader.BuiltinClassLoader.findClassInModuleOrNull(Ljdk/internal/loader/BuiltinClassLoader$LoadedModule;Ljava/lang/String;)Ljava/lang/Class;+9 java.base@17.0.2
j  jdk.internal.loader.BuiltinClassLoader.findClass(Ljava/lang/String;Ljava/lang/String;)Ljava/lang/Class;+42 java.base@17.0.2
j  java.lang.ClassLoader.loadClass(Ljava/lang/Module;Ljava/lang/String;)Ljava/lang/Class;+26 java.base@17.0.2
j  java.lang.Class.forName(Ljava/lang/Module;Ljava/lang/String;)Ljava/lang/Class;+81 java.base@17.0.2
j  java.util.ServiceLoader.loadProvider(Ljdk/internal/module/ServicesCatalog$ServiceProvider;)Ljava/util/ServiceLoader$Provider;+38 java.base@17.0.2
j  java.util.ServiceLoader$ModuleServicesLookupIterator.hasNext()Z+79 java.base@17.0.2
j  java.util.ServiceLoader$2.hasNext()Z+4 java.base@17.0.2
j  java.util.ServiceLoader$3.hasNext()Z+32 java.base@17.0.2
j  sun.util.cldr.CLDRLocaleProviderAdapter.lambda$new$0()Lsun/util/locale/provider/LocaleDataMetaInfo;+10 java.base@17.0.2
j  sun.util.cldr.CLDRLocaleProviderAdapter$$Lambda$29+0x0000000800091330.run()Ljava/lang/Object;+0 java.base@17.0.2
j  java.security.AccessController.executePrivileged(Ljava/security/PrivilegedExceptionAction;Ljava/security/AccessControlContext;Ljava/lang/Class;)Ljava/lang/Object;+29 java.base@17.0.2
j  java.security.AccessController.doPrivileged(Ljava/security/PrivilegedExceptionAction;)Ljava/lang/Object;+9 java.base@17.0.2
j  sun.util.cldr.CLDRLocaleProviderAdapter.<init>()V+9 java.base@17.0.2
v  ~StubRoutines::call_stub
j  jdk.internal.reflect.NativeConstructorAccessorImpl.newInstance0(Ljava/lang/reflect/Constructor;[Ljava/lang/Object;)Ljava/lang/Object;+0 java.base@17.0.2
j  jdk.internal.reflect.NativeConstructorAccessorImpl.newInstance([Ljava/lang/Object;)Ljava/lang/Object;+118 java.base@17.0.2
j  jdk.internal.reflect.DelegatingConstructorAccessorImpl.newInstance([Ljava/lang/Object;)Ljava/lang/Object;+5 java.base@17.0.2
j  java.lang.reflect.Constructor.newInstanceWithCaller([Ljava/lang/Object;ZLjava/lang/Class;)Ljava/lang/Object;+65 java.base@17.0.2
j  java.lang.reflect.Constructor.newInstance([Ljava/lang/Object;)Ljava/lang/Object;+30 java.base@17.0.2
j  sun.util.locale.provider.LocaleProviderAdapter.forType(Lsun/util/locale/provider/LocaleProviderAdapter$Type;)Lsun/util/locale/provider/LocaleProviderAdapter;+79 java.base@17.0.2
j  sun.util.locale.provider.LocaleProviderAdapter.findAdapter(Ljava/lang/Class;Ljava/util/Locale;)Lsun/util/locale/provider/LocaleProviderAdapter;+29 java.base@17.0.2
j  sun.util.locale.provider.LocaleProviderAdapter.getAdapter(Ljava/lang/Class;Ljava/util/Locale;)Lsun/util/locale/provider/LocaleProviderAdapter;+55 java.base@17.0.2
j  java.text.NumberFormat.getInstance(Ljava/util/Locale;Ljava/text/NumberFormat$Style;I)Ljava/text/NumberFormat;+3 java.base@17.0.2
j  java.text.NumberFormat.getNumberInstance(Ljava/util/Locale;)Ljava/text/NumberFormat;+3 java.base@17.0.2
j  java.util.Scanner.useLocale(Ljava/util/Locale;)Ljava/util/Scanner;+31 java.base@17.0.2
j  java.util.Scanner.<init>(Ljava/lang/Readable;Ljava/util/regex/Pattern;)V+243 java.base@17.0.2
j  java.util.Scanner.<init>(Ljava/io/InputStream;)V+12 java.base@17.0.2
j  cw8.Cw8.main([Ljava/lang/String;)V+63 Cw8
v  ~StubRoutines::call_stub

---------------  P R O C E S S  ---------------

Threads class SMR info:
_java_thread_list=0x000001731d2a4590, length=12, elements={
0x000001737938e6a0, 0x000001731d034620, 0x000001737fae6970, 0x000001731d03d9e0,
0x000001731d03e2a0, 0x000001731d040710, 0x000001731d041770, 0x000001731d073f70,
0x000001731d077020, 0x000001731d0800f0, 0x000001737fa852b0, 0x000001731d2bfc00
}

Java Threads: ( => current thread )
=>0x000001737938e6a0 JavaThread "main" [_thread_in_vm, id=15528, stack(0x00000063f5200000,0x00000063f5300000)]
  0x000001731d034620 JavaThread "Reference Handler" daemon [_thread_blocked, id=11120, stack(0x00000063f5900000,0x00000063f5a00000)]
  0x000001737fae6970 JavaThread "Finalizer" daemon [_thread_blocked, id=16608, stack(0x00000063f5a00000,0x00000063f5b00000)]
  0x000001731d03d9e0 JavaThread "Signal Dispatcher" daemon [_thread_blocked, id=12004, stack(0x00000063f5b00000,0x00000063f5c00000)]
  0x000001731d03e2a0 JavaThread "Attach Listener" daemon [_thread_blocked, id=3428, stack(0x00000063f5c00000,0x00000063f5d00000)]
  0x000001731d040710 JavaThread "Service Thread" daemon [_thread_blocked, id=16488, stack(0x00000063f5d00000,0x00000063f5e00000)]
  0x000001731d041770 JavaThread "Monitor Deflation Thread" daemon [_thread_blocked, id=9600, stack(0x00000063f5e00000,0x00000063f5f00000)]
  0x000001731d073f70 JavaThread "C2 CompilerThread0" daemon [_thread_blocked, id=16752, stack(0x00000063f5f00000,0x00000063f6000000)]
  0x000001731d077020 JavaThread "C1 CompilerThread0" daemon [_thread_blocked, id=4396, stack(0x00000063f6000000,0x00000063f6100000)]
  0x000001731d0800f0 JavaThread "Sweeper thread" daemon [_thread_blocked, id=10224, stack(0x00000063f6100000,0x00000063f6200000)]
  0x000001737fa852b0 JavaThread "Common-Cleaner" daemon [_thread_blocked, id=21072, stack(0x00000063f6200000,0x00000063f6300000)]
  0x000001731d2bfc00 JavaThread "Notification Thread" daemon [_thread_blocked, id=19548, stack(0x00000063f6300000,0x00000063f6400000)]

Other Threads:
  0x000001737fa9f280 VMThread "VM Thread" [stack: 0x00000063f5800000,0x00000063f5900000] [id=23456]
  0x000001731d2c5ac0 WatcherThread [stack: 0x00000063f6400000,0x00000063f6500000] [id=24268]
  0x00000173793dc230 GCTaskThread "GC Thread#0" [stack: 0x00000063f5300000,0x00000063f5400000] [id=22432]
  0x00000173793ee6a0 ConcurrentGCThread "G1 Main Marker" [stack: 0x00000063f5400000,0x00000063f5500000] [id=1076]
  0x00000173793eefd0 ConcurrentGCThread "G1 Conc#0" [stack: 0x00000063f5500000,0x00000063f5600000] [id=17540]
  0x000001737946e000 ConcurrentGCThread "G1 Refine#0" [stack: 0x00000063f5600000,0x00000063f5700000] [id=11424]
  0x000001737946e830 ConcurrentGCThread "G1 Service" [stack: 0x00000063f5700000,0x00000063f5800000] [id=21088]

Threads with active compile tasks:

VM state: not at safepoint (normal execution)

VM Mutex/Monitor currently owned by a thread:  ([mutex/lock_event])
[0x0000017379386830] Metaspace_lock - owner thread: 0x000001737938e6a0

Heap address: 0x000000070a000000, size: 3936 MB, Compressed Oops mode: Zero based, Oop shift amount: 3

CDS archive(s) not mapped
Compressed class space mapped at: 0x0000000800000000-0x0000000840000000, reserved size: 1073741824
Narrow klass base: 0x0000000800000000, Narrow klass shift: 0, Narrow klass range: 0x40000000

GC Precious Log:
 CPUs: 12 total, 12 available
 Memory: 15741M
 Large Page Support: Disabled
 NUMA Support: Disabled
 Compressed Oops: Enabled (Zero based)
 Heap Region Size: 2M
 Heap Min Capacity: 8M
 Heap Initial Capacity: 246M
 Heap Max Capacity: 3936M
 Pre-touch: Disabled
 Parallel Workers: 10
 Concurrent Workers: 3
 Concurrent Refinement Workers: 10
 Periodic GC: Disabled

Heap:
 garbage-first heap   total 251904K, used 2048K [0x000000070a000000, 0x0000000800000000)
  region size 2048K, 2 young (4096K), 0 survivors (0K)
 Metaspace       used 6793K, committed 6912K, reserved 1056768K
  class space    used 590K, committed 704K, reserved 1048576K

Heap Regions: E=young(eden), S=young(survivor), O=old, HS=humongous(starts), HC=humongous(continues), CS=collection set, F=free, OA=open archive, CA=closed archive, TAMS=top-at-mark-start (previous, next)
|   0|0x000000070a000000, 0x000000070a000000, 0x000000070a200000|  0%| F|  |TAMS 0x000000070a000000, 0x000000070a000000| Untracked 
|   1|0x000000070a200000, 0x000000070a200000, 0x000000070a400000|  0%| F|  |TAMS 0x000000070a200000, 0x000000070a200000| Untracked 
|   2|0x000000070a400000, 0x000000070a400000, 0x000000070a600000|  0%| F|  |TAMS 0x000000070a400000, 0x000000070a400000| Untracked 
|   3|0x000000070a600000, 0x000000070a600000, 0x000000070a800000|  0%| F|  |TAMS 0x000000070a600000, 0x000000070a600000| Untracked 
|   4|0x000000070a800000, 0x000000070a800000, 0x000000070aa00000|  0%| F|  |TAMS 0x000000070a800000, 0x000000070a800000| Untracked 
|   5|0x000000070aa00000, 0x000000070aa00000, 0x000000070ac00000|  0%| F|  |TAMS 0x000000070aa00000, 0x000000070aa00000| Untracked 
|   6|0x000000070ac00000, 0x000000070ac00000, 0x000000070ae00000|  0%| F|  |TAMS 0x000000070ac00000, 0x000000070ac00000| Untracked 
|   7|0x000000070ae00000, 0x000000070ae00000, 0x000000070b000000|  0%| F|  |TAMS 0x000000070ae00000, 0x000000070ae00000| Untracked 
|   8|0x000000070b000000, 0x000000070b000000, 0x000000070b200000|  0%| F|  |TAMS 0x000000070b000000, 0x000000070b000000| Untracked 
|   9|0x000000070b200000, 0x000000070b200000, 0x000000070b400000|  0%| F|  |TAMS 0x000000070b200000, 0x000000070b200000| Untracked 
|  10|0x000000070b400000, 0x000000070b400000, 0x000000070b600000|  0%| F|  |TAMS 0x000000070b400000, 0x000000070b400000| Untracked 
|  11|0x000000070b600000, 0x000000070b600000, 0x000000070b800000|  0%| F|  |TAMS 0x000000070b600000, 0x000000070b600000| Untracked 
|  12|0x000000070b800000, 0x000000070b800000, 0x000000070ba00000|  0%| F|  |TAMS 0x000000070b800000, 0x000000070b800000| Untracked 
|  13|0x000000070ba00000, 0x000000070ba00000, 0x000000070bc00000|  0%| F|  |TAMS 0x000000070ba00000, 0x000000070ba00000| Untracked 
|  14|0x000000070bc00000, 0x000000070bc00000, 0x000000070be00000|  0%| F|  |TAMS 0x000000070bc00000, 0x000000070bc00000| Untracked 
|  15|0x000000070be00000, 0x000000070be00000, 0x000000070c000000|  0%| F|  |TAMS 0x000000070be00000, 0x000000070be00000| Untracked 
|  16|0x000000070c000000, 0x000000070c000000, 0x000000070c200000|  0%| F|  |TAMS 0x000000070c000000, 0x000000070c000000| Untracked 
|  17|0x000000070c200000, 0x000000070c200000, 0x000000070c400000|  0%| F|  |TAMS 0x000000070c200000, 0x000000070c200000| Untracked 
|  18|0x000000070c400000, 0x000000070c400000, 0x000000070c600000|  0%| F|  |TAMS 0x000000070c400000, 0x000000070c400000| Untracked 
|  19|0x000000070c600000, 0x000000070c600000, 0x000000070c800000|  0%| F|  |TAMS 0x000000070c600000, 0x000000070c600000| Untracked 
|  20|0x000000070c800000, 0x000000070c800000, 0x000000070ca00000|  0%| F|  |TAMS 0x000000070c800000, 0x000000070c800000| Untracked 
|  21|0x000000070ca00000, 0x000000070ca00000, 0x000000070cc00000|  0%| F|  |TAMS 0x000000070ca00000, 0x000000070ca00000| Untracked 
|  22|0x000000070cc00000, 0x000000070cc00000, 0x000000070ce00000|  0%| F|  |TAMS 0x000000070cc00000, 0x000000070cc00000| Untracked 
|  23|0x000000070ce00000, 0x000000070ce00000, 0x000000070d000000|  0%| F|  |TAMS 0x000000070ce00000, 0x000000070ce00000| Untracked 
|  24|0x000000070d000000, 0x000000070d000000, 0x000000070d200000|  0%| F|  |TAMS 0x000000070d000000, 0x000000070d000000| Untracked 
|  25|0x000000070d200000, 0x000000070d200000, 0x000000070d400000|  0%| F|  |TAMS 0x000000070d200000, 0x000000070d200000| Untracked 
|  26|0x000000070d400000, 0x000000070d400000, 0x000000070d600000|  0%| F|  |TAMS 0x000000070d400000, 0x000000070d400000| Untracked 
|  27|0x000000070d600000, 0x000000070d600000, 0x000000070d800000|  0%| F|  |TAMS 0x000000070d600000, 0x000000070d600000| Untracked 
|  28|0x000000070d800000, 0x000000070d800000, 0x000000070da00000|  0%| F|  |TAMS 0x000000070d800000, 0x000000070d800000| Untracked 
|  29|0x000000070da00000, 0x000000070da00000, 0x000000070dc00000|  0%| F|  |TAMS 0x000000070da00000, 0x000000070da00000| Untracked 
|  30|0x000000070dc00000, 0x000000070dc00000, 0x000000070de00000|  0%| F|  |TAMS 0x000000070dc00000, 0x000000070dc00000| Untracked 
|  31|0x000000070de00000, 0x000000070de00000, 0x000000070e000000|  0%| F|  |TAMS 0x000000070de00000, 0x000000070de00000| Untracked 
|  32|0x000000070e000000, 0x000000070e000000, 0x000000070e200000|  0%| F|  |TAMS 0x000000070e000000, 0x000000070e000000| Untracked 
|  33|0x000000070e200000, 0x000000070e200000, 0x000000070e400000|  0%| F|  |TAMS 0x000000070e200000, 0x000000070e200000| Untracked 
|  34|0x000000070e400000, 0x000000070e400000, 0x000000070e600000|  0%| F|  |TAMS 0x000000070e400000, 0x000000070e400000| Untracked 
|  35|0x000000070e600000, 0x000000070e600000, 0x000000070e800000|  0%| F|  |TAMS 0x000000070e600000, 0x000000070e600000| Untracked 
|  36|0x000000070e800000, 0x000000070e800000, 0x000000070ea00000|  0%| F|  |TAMS 0x000000070e800000, 0x000000070e800000| Untracked 
|  37|0x000000070ea00000, 0x000000070ea00000, 0x000000070ec00000|  0%| F|  |TAMS 0x000000070ea00000, 0x000000070ea00000| Untracked 
|  38|0x000000070ec00000, 0x000000070ec00000, 0x000000070ee00000|  0%| F|  |TAMS 0x000000070ec00000, 0x000000070ec00000| Untracked 
|  39|0x000000070ee00000, 0x000000070ee00000, 0x000000070f000000|  0%| F|  |TAMS 0x000000070ee00000, 0x000000070ee00000| Untracked 
|  40|0x000000070f000000, 0x000000070f000000, 0x000000070f200000|  0%| F|  |TAMS 0x000000070f000000, 0x000000070f000000| Untracked 
|  41|0x000000070f200000, 0x000000070f200000, 0x000000070f400000|  0%| F|  |TAMS 0x000000070f200000, 0x000000070f200000| Untracked 
|  42|0x000000070f400000, 0x000000070f400000, 0x000000070f600000|  0%| F|  |TAMS 0x000000070f400000, 0x000000070f400000| Untracked 
|  43|0x000000070f600000, 0x000000070f600000, 0x000000070f800000|  0%| F|  |TAMS 0x000000070f600000, 0x000000070f600000| Untracked 
|  44|0x000000070f800000, 0x000000070f800000, 0x000000070fa00000|  0%| F|  |TAMS 0x000000070f800000, 0x000000070f800000| Untracked 
|  45|0x000000070fa00000, 0x000000070fa00000, 0x000000070fc00000|  0%| F|  |TAMS 0x000000070fa00000, 0x000000070fa00000| Untracked 
|  46|0x000000070fc00000, 0x000000070fc00000, 0x000000070fe00000|  0%| F|  |TAMS 0x000000070fc00000, 0x000000070fc00000| Untracked 
|  47|0x000000070fe00000, 0x000000070fe00000, 0x0000000710000000|  0%| F|  |TAMS 0x000000070fe00000, 0x000000070fe00000| Untracked 
|  48|0x0000000710000000, 0x0000000710000000, 0x0000000710200000|  0%| F|  |TAMS 0x0000000710000000, 0x0000000710000000| Untracked 
|  49|0x0000000710200000, 0x0000000710200000, 0x0000000710400000|  0%| F|  |TAMS 0x0000000710200000, 0x0000000710200000| Untracked 
|  50|0x0000000710400000, 0x0000000710400000, 0x0000000710600000|  0%| F|  |TAMS 0x0000000710400000, 0x0000000710400000| Untracked 
|  51|0x0000000710600000, 0x0000000710600000, 0x0000000710800000|  0%| F|  |TAMS 0x0000000710600000, 0x0000000710600000| Untracked 
|  52|0x0000000710800000, 0x0000000710800000, 0x0000000710a00000|  0%| F|  |TAMS 0x0000000710800000, 0x0000000710800000| Untracked 
|  53|0x0000000710a00000, 0x0000000710a00000, 0x0000000710c00000|  0%| F|  |TAMS 0x0000000710a00000, 0x0000000710a00000| Untracked 
|  54|0x0000000710c00000, 0x0000000710c00000, 0x0000000710e00000|  0%| F|  |TAMS 0x0000000710c00000, 0x0000000710c00000| Untracked 
|  55|0x0000000710e00000, 0x0000000710e00000, 0x0000000711000000|  0%| F|  |TAMS 0x0000000710e00000, 0x0000000710e00000| Untracked 
|  56|0x0000000711000000, 0x0000000711000000, 0x0000000711200000|  0%| F|  |TAMS 0x0000000711000000, 0x0000000711000000| Untracked 
|  57|0x0000000711200000, 0x0000000711200000, 0x0000000711400000|  0%| F|  |TAMS 0x0000000711200000, 0x0000000711200000| Untracked 
|  58|0x0000000711400000, 0x0000000711400000, 0x0000000711600000|  0%| F|  |TAMS 0x0000000711400000, 0x0000000711400000| Untracked 
|  59|0x0000000711600000, 0x0000000711600000, 0x0000000711800000|  0%| F|  |TAMS 0x0000000711600000, 0x0000000711600000| Untracked 
|  60|0x0000000711800000, 0x0000000711800000, 0x0000000711a00000|  0%| F|  |TAMS 0x0000000711800000, 0x0000000711800000| Untracked 
|  61|0x0000000711a00000, 0x0000000711a00000, 0x0000000711c00000|  0%| F|  |TAMS 0x0000000711a00000, 0x0000000711a00000| Untracked 
|  62|0x0000000711c00000, 0x0000000711c00000, 0x0000000711e00000|  0%| F|  |TAMS 0x0000000711c00000, 0x0000000711c00000| Untracked 
|  63|0x0000000711e00000, 0x0000000711e00000, 0x0000000712000000|  0%| F|  |TAMS 0x0000000711e00000, 0x0000000711e00000| Untracked 
|  64|0x0000000712000000, 0x0000000712000000, 0x0000000712200000|  0%| F|  |TAMS 0x0000000712000000, 0x0000000712000000| Untracked 
|  65|0x0000000712200000, 0x0000000712200000, 0x0000000712400000|  0%| F|  |TAMS 0x0000000712200000, 0x0000000712200000| Untracked 
|  66|0x0000000712400000, 0x0000000712400000, 0x0000000712600000|  0%| F|  |TAMS 0x0000000712400000, 0x0000000712400000| Untracked 
|  67|0x0000000712600000, 0x0000000712600000, 0x0000000712800000|  0%| F|  |TAMS 0x0000000712600000, 0x0000000712600000| Untracked 
|  68|0x0000000712800000, 0x0000000712800000, 0x0000000712a00000|  0%| F|  |TAMS 0x0000000712800000, 0x0000000712800000| Untracked 
|  69|0x0000000712a00000, 0x0000000712a00000, 0x0000000712c00000|  0%| F|  |TAMS 0x0000000712a00000, 0x0000000712a00000| Untracked 
|  70|0x0000000712c00000, 0x0000000712c00000, 0x0000000712e00000|  0%| F|  |TAMS 0x0000000712c00000, 0x0000000712c00000| Untracked 
|  71|0x0000000712e00000, 0x0000000712e00000, 0x0000000713000000|  0%| F|  |TAMS 0x0000000712e00000, 0x0000000712e00000| Untracked 
|  72|0x0000000713000000, 0x0000000713000000, 0x0000000713200000|  0%| F|  |TAMS 0x0000000713000000, 0x0000000713000000| Untracked 
|  73|0x0000000713200000, 0x0000000713200000, 0x0000000713400000|  0%| F|  |TAMS 0x0000000713200000, 0x0000000713200000| Untracked 
|  74|0x0000000713400000, 0x0000000713400000, 0x0000000713600000|  0%| F|  |TAMS 0x0000000713400000, 0x0000000713400000| Untracked 
|  75|0x0000000713600000, 0x0000000713600000, 0x0000000713800000|  0%| F|  |TAMS 0x0000000713600000, 0x0000000713600000| Untracked 
|  76|0x0000000713800000, 0x0000000713800000, 0x0000000713a00000|  0%| F|  |TAMS 0x0000000713800000, 0x0000000713800000| Untracked 
|  77|0x0000000713a00000, 0x0000000713a00000, 0x0000000713c00000|  0%| F|  |TAMS 0x0000000713a00000, 0x0000000713a00000| Untracked 
|  78|0x0000000713c00000, 0x0000000713c00000, 0x0000000713e00000|  0%| F|  |TAMS 0x0000000713c00000, 0x0000000713c00000| Untracked 
|  79|0x0000000713e00000, 0x0000000713e00000, 0x0000000714000000|  0%| F|  |TAMS 0x0000000713e00000, 0x0000000713e00000| Untracked 
|  80|0x0000000714000000, 0x0000000714000000, 0x0000000714200000|  0%| F|  |TAMS 0x0000000714000000, 0x0000000714000000| Untracked 
|  81|0x0000000714200000, 0x0000000714200000, 0x0000000714400000|  0%| F|  |TAMS 0x0000000714200000, 0x0000000714200000| Untracked 
|  82|0x0000000714400000, 0x0000000714400000, 0x0000000714600000|  0%| F|  |TAMS 0x0000000714400000, 0x0000000714400000| Untracked 
|  83|0x0000000714600000, 0x0000000714600000, 0x0000000714800000|  0%| F|  |TAMS 0x0000000714600000, 0x0000000714600000| Untracked 
|  84|0x0000000714800000, 0x0000000714800000, 0x0000000714a00000|  0%| F|  |TAMS 0x0000000714800000, 0x0000000714800000| Untracked 
|  85|0x0000000714a00000, 0x0000000714a00000, 0x0000000714c00000|  0%| F|  |TAMS 0x0000000714a00000, 0x0000000714a00000| Untracked 
|  86|0x0000000714c00000, 0x0000000714c00000, 0x0000000714e00000|  0%| F|  |TAMS 0x0000000714c00000, 0x0000000714c00000| Untracked 
|  87|0x0000000714e00000, 0x0000000714e00000, 0x0000000715000000|  0%| F|  |TAMS 0x0000000714e00000, 0x0000000714e00000| Untracked 
|  88|0x0000000715000000, 0x0000000715000000, 0x0000000715200000|  0%| F|  |TAMS 0x0000000715000000, 0x0000000715000000| Untracked 
|  89|0x0000000715200000, 0x0000000715200000, 0x0000000715400000|  0%| F|  |TAMS 0x0000000715200000, 0x0000000715200000| Untracked 
|  90|0x0000000715400000, 0x0000000715400000, 0x0000000715600000|  0%| F|  |TAMS 0x0000000715400000, 0x0000000715400000| Untracked 
|  91|0x0000000715600000, 0x0000000715600000, 0x0000000715800000|  0%| F|  |TAMS 0x0000000715600000, 0x0000000715600000| Untracked 
|  92|0x0000000715800000, 0x0000000715800000, 0x0000000715a00000|  0%| F|  |TAMS 0x0000000715800000, 0x0000000715800000| Untracked 
|  93|0x0000000715a00000, 0x0000000715a00000, 0x0000000715c00000|  0%| F|  |TAMS 0x0000000715a00000, 0x0000000715a00000| Untracked 
|  94|0x0000000715c00000, 0x0000000715c00000, 0x0000000715e00000|  0%| F|  |TAMS 0x0000000715c00000, 0x0000000715c00000| Untracked 
|  95|0x0000000715e00000, 0x0000000715e00000, 0x0000000716000000|  0%| F|  |TAMS 0x0000000715e00000, 0x0000000715e00000| Untracked 
|  96|0x0000000716000000, 0x0000000716000000, 0x0000000716200000|  0%| F|  |TAMS 0x0000000716000000, 0x0000000716000000| Untracked 
|  97|0x0000000716200000, 0x0000000716200000, 0x0000000716400000|  0%| F|  |TAMS 0x0000000716200000, 0x0000000716200000| Untracked 
|  98|0x0000000716400000, 0x0000000716400000, 0x0000000716600000|  0%| F|  |TAMS 0x0000000716400000, 0x0000000716400000| Untracked 
|  99|0x0000000716600000, 0x0000000716600000, 0x0000000716800000|  0%| F|  |TAMS 0x0000000716600000, 0x0000000716600000| Untracked 
| 100|0x0000000716800000, 0x0000000716800000, 0x0000000716a00000|  0%| F|  |TAMS 0x0000000716800000, 0x0000000716800000| Untracked 
| 101|0x0000000716a00000, 0x0000000716a00000, 0x0000000716c00000|  0%| F|  |TAMS 0x0000000716a00000, 0x0000000716a00000| Untracked 
| 102|0x0000000716c00000, 0x0000000716c00000, 0x0000000716e00000|  0%| F|  |TAMS 0x0000000716c00000, 0x0000000716c00000| Untracked 
| 103|0x0000000716e00000, 0x0000000716e00000, 0x0000000717000000|  0%| F|  |TAMS 0x0000000716e00000, 0x0000000716e00000| Untracked 
| 104|0x0000000717000000, 0x0000000717000000, 0x0000000717200000|  0%| F|  |TAMS 0x0000000717000000, 0x0000000717000000| Untracked 
| 105|0x0000000717200000, 0x0000000717200000, 0x0000000717400000|  0%| F|  |TAMS 0x0000000717200000, 0x0000000717200000| Untracked 
| 106|0x0000000717400000, 0x0000000717400000, 0x0000000717600000|  0%| F|  |TAMS 0x0000000717400000, 0x0000000717400000| Untracked 
| 107|0x0000000717600000, 0x0000000717600000, 0x0000000717800000|  0%| F|  |TAMS 0x0000000717600000, 0x0000000717600000| Untracked 
| 108|0x0000000717800000, 0x0000000717800000, 0x0000000717a00000|  0%| F|  |TAMS 0x0000000717800000, 0x0000000717800000| Untracked 
| 109|0x0000000717a00000, 0x0000000717a00000, 0x0000000717c00000|  0%| F|  |TAMS 0x0000000717a00000, 0x0000000717a00000| Untracked 
| 110|0x0000000717c00000, 0x0000000717c00000, 0x0000000717e00000|  0%| F|  |TAMS 0x0000000717c00000, 0x0000000717c00000| Untracked 
| 111|0x0000000717e00000, 0x0000000717e00000, 0x0000000718000000|  0%| F|  |TAMS 0x0000000717e00000, 0x0000000717e00000| Untracked 
| 112|0x0000000718000000, 0x0000000718000000, 0x0000000718200000|  0%| F|  |TAMS 0x0000000718000000, 0x0000000718000000| Untracked 
| 113|0x0000000718200000, 0x0000000718200000, 0x0000000718400000|  0%| F|  |TAMS 0x0000000718200000, 0x0000000718200000| Untracked 
| 114|0x0000000718400000, 0x0000000718400000, 0x0000000718600000|  0%| F|  |TAMS 0x0000000718400000, 0x0000000718400000| Untracked 
| 115|0x0000000718600000, 0x0000000718600000, 0x0000000718800000|  0%| F|  |TAMS 0x0000000718600000, 0x0000000718600000| Untracked 
| 116|0x0000000718800000, 0x0000000718800000, 0x0000000718a00000|  0%| F|  |TAMS 0x0000000718800000, 0x0000000718800000| Untracked 
| 117|0x0000000718a00000, 0x0000000718a00000, 0x0000000718c00000|  0%| F|  |TAMS 0x0000000718a00000, 0x0000000718a00000| Untracked 
| 118|0x0000000718c00000, 0x0000000718c00000, 0x0000000718e00000|  0%| F|  |TAMS 0x0000000718c00000, 0x0000000718c00000| Untracked 
| 119|0x0000000718e00000, 0x0000000718e00000, 0x0000000719000000|  0%| F|  |TAMS 0x0000000718e00000, 0x0000000718e00000| Untracked 
| 120|0x0000000719000000, 0x0000000719000000, 0x0000000719200000|  0%| F|  |TAMS 0x0000000719000000, 0x0000000719000000| Untracked 
| 121|0x0000000719200000, 0x0000000719271268, 0x0000000719400000| 22%| E|  |TAMS 0x0000000719200000, 0x0000000719200000| Complete 
| 122|0x0000000719400000, 0x0000000719600000, 0x0000000719600000|100%| E|CS|TAMS 0x0000000719400000, 0x0000000719400000| Complete 

Card table byte_map: [0x000001737a170000,0x000001737a920000] _byte_map_base: 0x0000017376920000

Marking Bits (Prev, Next): (CMBitMap*) 0x00000173793de770, (CMBitMap*) 0x00000173793de7b0
 Prev Bits: [0x000001737b0d0000, 0x000001737ee50000)
 Next Bits: [0x0000017316780000, 0x000001731a500000)

Polling page: 0x00000173772f0000

Metaspace:

Usage:
  Non-class:      6.06 MB used.
      Class:    590.61 KB used.
       Both:      6.63 MB used.

Virtual space:
  Non-class space:        8.00 MB reserved,       6.06 MB ( 76%) committed,  1 nodes.
      Class space:        1.00 GB reserved,     704.00 KB ( <1%) committed,  1 nodes.
             Both:        1.01 GB reserved,       6.75 MB ( <1%) committed. 

Chunk freelists:
   Non-Class:  1.00 MB
       Class:  3.25 MB
        Both:  4.25 MB

MaxMetaspaceSize: unlimited
CompressedClassSpaceSize: 1.00 GB
Initial GC threshold: 21.00 MB
Current GC threshold: 21.00 MB
CDS: off
MetaspaceReclaimPolicy: balanced
 - commit_granule_bytes: 65536.
 - commit_granule_words: 8192.
 - virtual_space_node_default_size: 1048576.
 - enlarge_chunks_in_place: 1.
 - new_chunks_are_fully_committed: 0.
 - uncommit_free_chunks: 1.
 - use_allocation_guard: 0.
 - handle_deallocations: 1.


Internal statistics:

num_allocs_failed_limit: 0.
num_arena_births: 10.
num_arena_deaths: 0.
num_vsnodes_births: 2.
num_vsnodes_deaths: 0.
num_space_committed: 108.
num_space_uncommitted: 0.
num_chunks_returned_to_freelist: 0.
num_chunks_taken_from_freelist: 28.
num_chunk_merges: 0.
num_chunk_splits: 10.
num_chunks_enlarged: 3.
num_purges: 0.
num_inconsistent_stats: 0.

CodeHeap 'non-profiled nmethods': size=120000Kb used=59Kb max_used=59Kb free=119941Kb
 bounds [0x000001730f250000, 0x000001730f4c0000, 0x0000017316780000]
CodeHeap 'profiled nmethods': size=120000Kb used=247Kb max_used=247Kb free=119752Kb
 bounds [0x0000017307d20000, 0x0000017307f90000, 0x000001730f250000]
CodeHeap 'non-nmethods': size=5760Kb used=1100Kb max_used=1115Kb free=4659Kb
 bounds [0x0000017307780000, 0x00000173079f0000, 0x0000017307d20000]
 total_blobs=572 nmethods=196 adapters=289
 compilation: enabled
              stopped_count=0, restarted_count=0
 full_count=0

Compilation events (20 events):
Event: 0.214 Thread 0x000001731d077020 nmethod 182 0x000001730f25c810 code [0x000001730f25c9a0, 0x000001730f25ca78]
Event: 0.215 Thread 0x000001731d073f70 nmethod 170 0x000001730f25cb10 code [0x000001730f25cce0, 0x000001730f25d678]
Event: 0.215 Thread 0x000001731d077020  186       3       sun.invoke.util.VerifyAccess::isTypeVisible (118 bytes)
Event: 0.216 Thread 0x000001731d077020 nmethod 186 0x0000017307d58d10 code [0x0000017307d59120, 0x0000017307d5b198]
Event: 0.216 Thread 0x000001731d077020  188       1       java.lang.invoke.MethodTypeForm::erasedType (5 bytes)
Event: 0.217 Thread 0x000001731d077020 nmethod 188 0x000001730f25e310 code [0x000001730f25e4a0, 0x000001730f25e578]
Event: 0.220 Thread 0x000001731d077020  190       3       sun.util.locale.LocaleUtils::isUpper (18 bytes)
Event: 0.220 Thread 0x000001731d077020 nmethod 190 0x0000017307d5bb10 code [0x0000017307d5bca0, 0x0000017307d5be18]
Event: 0.220 Thread 0x000001731d077020  191       1       sun.util.locale.BaseLocale::getLanguage (5 bytes)
Event: 0.220 Thread 0x000001731d077020 nmethod 191 0x000001730f25e610 code [0x000001730f25e7a0, 0x000001730f25e878]
Event: 0.221 Thread 0x000001731d077020  192       3       java.lang.Class::getPackageName (81 bytes)
Event: 0.222 Thread 0x000001731d077020 nmethod 192 0x0000017307d5be90 code [0x0000017307d5c120, 0x0000017307d5cbe8]
Event: 0.224 Thread 0x000001731d077020  194       3       jdk.internal.util.ArraysSupport::newLength (27 bytes)
Event: 0.225 Thread 0x000001731d077020 nmethod 194 0x0000017307d5cf90 code [0x0000017307d5d140, 0x0000017307d5d3a8]
Event: 0.225 Thread 0x000001731d077020  195       3       sun.nio.fs.WindowsPathParser::isSlash (18 bytes)
Event: 0.225 Thread 0x000001731d077020 nmethod 195 0x0000017307d5d490 code [0x0000017307d5d620, 0x0000017307d5d798]
Event: 0.226 Thread 0x000001731d077020  196       3       java.lang.System::getSecurityManager (12 bytes)
Event: 0.226 Thread 0x000001731d077020 nmethod 196 0x0000017307d5d810 code [0x0000017307d5d9a0, 0x0000017307d5db38]
Event: 0.226 Thread 0x000001731d077020  197       3       java.lang.System::allowSecurityManager (13 bytes)
Event: 0.226 Thread 0x000001731d077020 nmethod 197 0x0000017307d5dc10 code [0x0000017307d5dda0, 0x0000017307d5deb8]

GC Heap History (0 events):
No events

Deoptimization events (4 events):
Event: 0.202 Thread 0x000001737938e6a0 Uncommon trap: trap_request=0xffffff45 fr.pc=0x000001730f2566f8 relative=0x0000000000000078
Event: 0.202 Thread 0x000001737938e6a0 Uncommon trap: reason=unstable_if action=reinterpret pc=0x000001730f2566f8 method=java.lang.String.isLatin1()Z @ 10 c2
Event: 0.202 Thread 0x000001737938e6a0 DEOPT PACKING pc=0x000001730f2566f8 sp=0x00000063f52fe640
Event: 0.202 Thread 0x000001737938e6a0 DEOPT UNPACKING pc=0x00000173077d23a3 sp=0x00000063f52fe580 mode 2

Classes unloaded (0 events):
No events

Classes redefined (0 events):
No events

Internal exceptions (1 events):
Event: 0.168 Thread 0x000001737938e6a0 Exception <a 'java/lang/NoSuchMethodError'{0x000000071951f3c8}: 'void java.lang.invoke.DirectMethodHandle$Holder.invokeVirtual(java.lang.Object, java.lang.Object)'> (0x000000071951f3c8) 
thrown [t:\workspace\open\src\hotspot\share\interpreter\linkResolver.cpp, line 766]

VM Operations (2 events):
Event: 0.187 Executing VM operation: HandshakeAllThreads
Event: 0.187 Executing VM operation: HandshakeAllThreads done

Events (20 events):
Event: 0.224 loading class java/nio/file/FileSystems$DefaultFileSystemHolder$1 done
Event: 0.224 loading class jdk/internal/jimage/ImageReaderFactory$1
Event: 0.224 loading class jdk/internal/jimage/ImageReaderFactory$1 done
Event: 0.224 loading class jdk/internal/jimage/ImageReader
Event: 0.225 loading class jdk/internal/jimage/ImageReader done
Event: 0.225 loading class jdk/internal/jimage/ImageReader$SharedImageReader
Event: 0.225 loading class jdk/internal/jimage/BasicImageReader
Event: 0.225 loading class jdk/internal/jimage/BasicImageReader done
Event: 0.225 loading class jdk/internal/jimage/ImageReader$SharedImageReader done
Event: 0.225 loading class jdk/internal/jimage/BasicImageReader$1
Event: 0.225 loading class jdk/internal/jimage/BasicImageReader$1 done
Event: 0.225 loading class jdk/internal/jimage/NativeImageBuffer
Event: 0.225 loading class jdk/internal/jimage/NativeImageBuffer done
Event: 0.225 loading class jdk/internal/jimage/NativeImageBuffer$1
Event: 0.226 loading class jdk/internal/jimage/NativeImageBuffer$1 done
Event: 0.226 Loaded shared library C:\Program Files\Java\jdk-17.0.2\bin\jimage.dll
Event: 0.227 loading class jdk/internal/jimage/ImageHeader
Event: 0.227 loading class jdk/internal/jimage/ImageHeader done
Event: 0.227 loading class java/nio/DirectIntBufferU
Event: 0.227 loading class java/nio/IntBuffer


Dynamic libraries:
0x00007ff7eb1b0000 - 0x00007ff7eb1c0000 	C:\Program Files\Java\jdk-17.0.2\bin\javaw.exe
0x00007ff9579f0000 - 0x00007ff957be5000 	C:\Windows\SYSTEM32\ntdll.dll
0x00007ff957020000 - 0x00007ff9570de000 	C:\Windows\System32\KERNEL32.DLL
0x00007ff955740000 - 0x00007ff955a08000 	C:\Windows\System32\KERNELBASE.dll
0x00007ff955340000 - 0x00007ff955440000 	C:\Windows\System32\ucrtbase.dll
0x00007ff94e060000 - 0x00007ff94e078000 	C:\Program Files\Java\jdk-17.0.2\bin\jli.dll
0x00007ff94f930000 - 0x00007ff94f94a000 	C:\Program Files\Java\jdk-17.0.2\bin\VCRUNTIME140.dll
0x00007ff955b70000 - 0x00007ff955c1e000 	C:\Windows\System32\ADVAPI32.dll
0x00007ff9565c0000 - 0x00007ff95665e000 	C:\Windows\System32\msvcrt.dll
0x00007ff9577b0000 - 0x00007ff95784c000 	C:\Windows\System32\sechost.dll
0x00007ff957880000 - 0x00007ff9579a5000 	C:\Windows\System32\RPCRT4.dll
0x00007ff956da0000 - 0x00007ff956f40000 	C:\Windows\System32\USER32.dll
0x00007ff955150000 - 0x00007ff955172000 	C:\Windows\System32\win32u.dll
0x00007ff956470000 - 0x00007ff95649b000 	C:\Windows\System32\GDI32.dll
0x00007ff9554d0000 - 0x00007ff9555dd000 	C:\Windows\System32\gdi32full.dll
0x00007ff934510000 - 0x00007ff9347aa000 	C:\Windows\WinSxS\amd64_microsoft.windows.common-controls_6595b64144ccf1df_6.0.19041.1110_none_60b5254171f9507e\COMCTL32.dll
0x00007ff955230000 - 0x00007ff9552cd000 	C:\Windows\System32\msvcp_win.dll
0x00007ff94c220000 - 0x00007ff94c22a000 	C:\Windows\SYSTEM32\VERSION.dll
0x00007ff957850000 - 0x00007ff957880000 	C:\Windows\System32\IMM32.DLL
0x00007ff950cd0000 - 0x00007ff950cdc000 	C:\Program Files\Java\jdk-17.0.2\bin\vcruntime140_1.dll
0x00007ff93dfc0000 - 0x00007ff93e04d000 	C:\Program Files\Java\jdk-17.0.2\bin\msvcp140.dll
0x00007ff8e6a70000 - 0x00007ff8e7631000 	C:\Program Files\Java\jdk-17.0.2\bin\server\jvm.dll
0x00007ff956790000 - 0x00007ff956798000 	C:\Windows\System32\PSAPI.DLL
0x00007ff930630000 - 0x00007ff930639000 	C:\Windows\SYSTEM32\WSOCK32.dll
0x00007ff949ab0000 - 0x00007ff949ad7000 	C:\Windows\SYSTEM32\WINMM.dll
0x00007ff956d30000 - 0x00007ff956d9b000 	C:\Windows\System32\WS2_32.dll
0x00007ff953980000 - 0x00007ff953992000 	C:\Windows\SYSTEM32\kernel.appcore.dll
0x00007ff9509c0000 - 0x00007ff9509ca000 	C:\Program Files\Java\jdk-17.0.2\bin\jimage.dll
0x00007ff953770000 - 0x00007ff953954000 	C:\Windows\SYSTEM32\DBGHELP.DLL
0x00007ff946e20000 - 0x00007ff946e4c000 	C:\Windows\SYSTEM32\dbgcore.DLL
0x00007ff955440000 - 0x00007ff9554c2000 	C:\Windows\System32\bcryptPrimitives.dll
0x00007ff944140000 - 0x00007ff944165000 	C:\Program Files\Java\jdk-17.0.2\bin\java.dll
0x00007ff93dee0000 - 0x00007ff93dfb6000 	C:\Program Files\Java\jdk-17.0.2\bin\jsvml.dll
0x00007ff955c20000 - 0x00007ff956364000 	C:\Windows\System32\SHELL32.dll
0x00007ff952e90000 - 0x00007ff953624000 	C:\Windows\SYSTEM32\windows.storage.dll
0x00007ff957450000 - 0x00007ff9577a5000 	C:\Windows\System32\combase.dll
0x00007ff954b50000 - 0x00007ff954b7e000 	C:\Windows\SYSTEM32\Wldp.dll
0x00007ff9564a0000 - 0x00007ff95654d000 	C:\Windows\System32\SHCORE.dll
0x00007ff956550000 - 0x00007ff9565a5000 	C:\Windows\System32\shlwapi.dll
0x00007ff955040000 - 0x00007ff95505f000 	C:\Windows\SYSTEM32\profapi.dll
0x00007ff943a90000 - 0x00007ff943aa9000 	C:\Program Files\Java\jdk-17.0.2\bin\net.dll
0x00007ff943ac0000 - 0x00007ff943bcc000 	C:\Windows\SYSTEM32\WINHTTP.dll
0x00007ff9548b0000 - 0x00007ff95491a000 	C:\Windows\system32\mswsock.dll
0x00007ff9422e0000 - 0x00007ff9422f6000 	C:\Program Files\Java\jdk-17.0.2\bin\nio.dll

dbghelp: loaded successfully - version: 4.0.5 - missing functions: none
symbol engine: initialized successfully - sym options: 0x614 - pdb path: .;C:\Program Files\Java\jdk-17.0.2\bin;C:\Windows\SYSTEM32;C:\Windows\WinSxS\amd64_microsoft.windows.common-controls_6595b64144ccf1df_6.0.19041.1110_none_60b5254171f9507e;C:\Program Files\Java\jdk-17.0.2\bin\server

VM Arguments:
jvm_args: -Dfile.encoding=UTF-8 --module-path=D:\workspace\eclipse-workspace\Programowanie objektowe\cw3\cw8\bin -XX:+ShowCodeDetailsInExceptionMessages -Djdk.module.main=Cw8 
java_command: Cw8/cw8.Cw8
java_class_path (initial): <not set>
Launcher Type: SUN_STANDARD

[Global flags]
     intx CICompilerCount                          = 4                                         {product} {ergonomic}
     uint ConcGCThreads                            = 3                                         {product} {ergonomic}
     uint G1ConcRefinementThreads                  = 10                                        {product} {ergonomic}
   size_t G1HeapRegionSize                         = 2097152                                   {product} {ergonomic}
    uintx GCDrainStackTargetSize                   = 64                                        {product} {ergonomic}
   size_t InitialHeapSize                          = 257949696                                 {product} {ergonomic}
   size_t MarkStackSize                            = 4194304                                   {product} {ergonomic}
   size_t MaxHeapSize                              = 4127195136                                {product} {ergonomic}
   size_t MaxNewSize                               = 2474639360                                {product} {ergonomic}
   size_t MinHeapDeltaBytes                        = 2097152                                   {product} {ergonomic}
   size_t MinHeapSize                              = 8388608                                   {product} {ergonomic}
    uintx NonNMethodCodeHeapSize                   = 5839372                                {pd product} {ergonomic}
    uintx NonProfiledCodeHeapSize                  = 122909434                              {pd product} {ergonomic}
    uintx ProfiledCodeHeapSize                     = 122909434                              {pd product} {ergonomic}
    uintx ReservedCodeCacheSize                    = 251658240                              {pd product} {ergonomic}
     bool SegmentedCodeCache                       = true                                      {product} {ergonomic}
     bool ShowCodeDetailsInExceptionMessages       = true                                   {manageable} {command line}
   size_t SoftMaxHeapSize                          = 4127195136                             {manageable} {ergonomic}
     bool UseCompressedClassPointers               = true                           {product lp64_product} {ergonomic}
     bool UseCompressedOops                        = true                           {product lp64_product} {ergonomic}
     bool UseG1GC                                  = true                                      {product} {ergonomic}
     bool UseLargePagesIndividualAllocation        = false                                  {pd product} {ergonomic}

Logging:
Log output configuration:
 #0: stdout all=warning uptime,level,tags
 #1: stderr all=off uptime,level,tags

Environment Variables:
PATH=C:\ProgramData\Oracle\Java\javapath;C:\Program Files\Common Files\Oracle\Java\javapath;C:\Windows\system32;C:\Windows;C:\Windows\System32\Wbem;C:\Windows\System32\WindowsPowerShell\v1.0\;C:\Windows\System32\OpenSSH\;C:\Program Files\nodejs\;C:\Program Files\NVIDIA Corporation\NVIDIA NvDLISR;C:\Program Files (x86)\NVIDIA Corporation\PhysX\Common;C:\Program Files\Java\jdk-17.0.2\bin;C:\Users\glapi\AppData\Local\Programs\Python\Python310\Scripts\;C:\Users\glapi\AppData\Local\Programs\Python\Python310\;C:\Users\glapi\AppData\Local\Microsoft\WindowsApps;C:\Users\glapi\AppData\Roaming\npm;D:\programs\Microsoft VS Code\bin;
USERNAME=glapi
OS=Windows_NT
PROCESSOR_IDENTIFIER=AMD64 Family 23 Model 96 Stepping 1, AuthenticAMD



---------------  S Y S T E M  ---------------

OS:
 Windows 10 , 64 bit Build 19041 (10.0.19041.1503)
OS uptime: 3 days 23:42 hours

CPU: total 12 (initial active 12) (12 cores per cpu, 2 threads per core) family 23 model 96 stepping 1 microcode 0x0, cx8, cmov, fxsr, ht, mmx, 3dnowpref, sse, sse2, sse3, ssse3, sse4a, sse4.1, sse4.2, popcnt, lzcnt, tsc, tscinvbit, avx, avx2, aes, clmul, bmi1, bmi2, adx, sha, fma, vzeroupper, clflush, clflushopt

Memory: 4k page, system-wide physical 15741M (5322M free)
TotalPageFile size 32438M (AvailPageFile size 4M)
current process WorkingSet (physical memory assigned to process): 34M, peak: 34M
current process commit charge ("private bytes"): 333M, peak: 333M

vm_info: Java HotSpot(TM) 64-Bit Server VM (17.0.2+8-LTS-86) for windows-amd64 JRE (17.0.2+8-LTS-86), built on Dec  7 2021 21:51:03 by "mach5one" with MS VC++ 16.8 / 16.9 (VS2019)

END.
