#
# There is insufficient memory for the Java Runtime Environment to continue.
# Native memory allocation (malloc) failed to allocate 146416 bytes for Chunk::new
# Possible reasons:
#   The system is out of physical RAM or swap space
#   The process is running with CompressedOops enabled, and the Java Heap may be blocking the growth of the native heap
# Possible solutions:
#   Reduce memory load on the system
#   Increase physical memory or swap space
#   Check if swap backing store is full
#   Decrease Java heap size (-Xmx/-Xms)
#   Decrease number of Java threads
#   Decrease Java thread stack sizes (-Xss)
#   Set larger code cache with -XX:ReservedCodeCacheSize=
#   JVM is running with Zero Based Compressed Oops mode in which the Java heap is
#     placed in the first 32GB address space. The Java Heap base address is the
#     maximum limit for the native heap growth. Please use -XX:HeapBaseMinAddress
#     to set the Java Heap base and to place the Java Heap above 32GB virtual address.
# This output file may be truncated or incomplete.
#
#  Out of Memory Error (arena.cpp:189), pid=14288, tid=13132
#
# JRE version: Java(TM) SE Runtime Environment (17.0.2+8) (build 17.0.2+8-LTS-86)
# Java VM: Java HotSpot(TM) 64-Bit Server VM (17.0.2+8-LTS-86, mixed mode, sharing, tiered, compressed oops, compressed class ptrs, g1 gc, windows-amd64)
# No core dump will be written. Minidumps are not enabled by default on client versions of Windows
#

---------------  S U M M A R Y ------------

Command Line: -Dfile.encoding=UTF-8 --module-path=D:\workspace\eclipse-workspace\Programowanie objektowe\cw3\cw8\bin -XX:+ShowCodeDetailsInExceptionMessages -Djdk.module.main=Cw8 Cw8/cw8.Cw8

Host: AMD Ryzen 5 4600H with Radeon Graphics         , 12 cores, 15G,  Windows 10 , 64 bit Build 19041 (10.0.19041.1503)
Time: Fri Mar 11 19:22:51 2022  Windows 10 , 64 bit Build 19041 (10.0.19041.1503) elapsed time: 0.126575 seconds (0d 0h 0m 0s)

---------------  T H R E A D  ---------------

Current thread (0x00000183f622b980):  JavaThread "C2 CompilerThread0" daemon [_thread_in_native, id=13132, stack(0x0000001f2d600000,0x0000001f2d700000)]


Current CompileTask:
C2:    126  181       4       java.util.HashMap::putVal (300 bytes)

Stack: [0x0000001f2d600000,0x0000001f2d700000]
Native frames: (J=compiled Java code, j=interpreted, Vv=VM code, C=native code)
V  [jvm.dll+0x670baa]
V  [jvm.dll+0x7cfcb4]
V  [jvm.dll+0x7d145e]
V  [jvm.dll+0x7d1ac3]
V  [jvm.dll+0x242bc5]
V  [jvm.dll+0xaa57b]
V  [jvm.dll+0xaab0c]
V  [jvm.dll+0x35fcb2]
V  [jvm.dll+0x32a331]
V  [jvm.dll+0x3297da]
V  [jvm.dll+0x215c91]
V  [jvm.dll+0x2150b1]
V  [jvm.dll+0x1a1bbd]
V  [jvm.dll+0x224908]
V  [jvm.dll+0x222a6c]
V  [jvm.dll+0x7859bb]
V  [jvm.dll+0x77ff7a]
V  [jvm.dll+0x66fa35]
C  [ucrtbase.dll+0x21bb2]
C  [KERNEL32.DLL+0x17034]
C  [ntdll.dll+0x52651]


---------------  P R O C E S S  ---------------

Threads class SMR info:
_java_thread_list=0x00000183f6d06cb0, length=12, elements={
0x00000183d35dcc20, 0x00000183f6209040, 0x00000183f620a4a0, 0x00000183f6221e40,
0x00000183f6222700, 0x00000183f6226fd0, 0x00000183f6227890, 0x00000183f622b980,
0x00000183f622e290, 0x00000183f623f350, 0x00000183f61f2200, 0x00000183f6d59cf0
}

Java Threads: ( => current thread )
  0x00000183d35dcc20 JavaThread "main" [_thread_in_vm, id=1676, stack(0x0000001f2c900000,0x0000001f2ca00000)]
  0x00000183f6209040 JavaThread "Reference Handler" daemon [_thread_blocked, id=22772, stack(0x0000001f2d000000,0x0000001f2d100000)]
  0x00000183f620a4a0 JavaThread "Finalizer" daemon [_thread_blocked, id=11404, stack(0x0000001f2d100000,0x0000001f2d200000)]
  0x00000183f6221e40 JavaThread "Signal Dispatcher" daemon [_thread_blocked, id=7352, stack(0x0000001f2d200000,0x0000001f2d300000)]
  0x00000183f6222700 JavaThread "Attach Listener" daemon [_thread_blocked, id=23068, stack(0x0000001f2d300000,0x0000001f2d400000)]
  0x00000183f6226fd0 JavaThread "Service Thread" daemon [_thread_blocked, id=9188, stack(0x0000001f2d400000,0x0000001f2d500000)]
  0x00000183f6227890 JavaThread "Monitor Deflation Thread" daemon [_thread_blocked, id=5452, stack(0x0000001f2d500000,0x0000001f2d600000)]
=>0x00000183f622b980 JavaThread "C2 CompilerThread0" daemon [_thread_in_native, id=13132, stack(0x0000001f2d600000,0x0000001f2d700000)]
  0x00000183f622e290 JavaThread "C1 CompilerThread0" daemon [_thread_in_vm, id=13912, stack(0x0000001f2d700000,0x0000001f2d800000)]
  0x00000183f623f350 JavaThread "Sweeper thread" daemon [_thread_blocked, id=22276, stack(0x0000001f2d800000,0x0000001f2d900000)]
  0x00000183f61f2200 JavaThread "Common-Cleaner" daemon [_thread_blocked, id=4904, stack(0x0000001f2d900000,0x0000001f2da00000)]
  0x00000183f6d59cf0 JavaThread "Notification Thread" daemon [_thread_blocked, id=20956, stack(0x0000001f2da00000,0x0000001f2db00000)]

Other Threads:
  0x00000183f62045e0 VMThread "VM Thread" [stack: 0x0000001f2cf00000,0x0000001f2d000000] [id=10116]
  0x00000183d3646d30 WatcherThread [stack: 0x0000001f2db00000,0x0000001f2dc00000] [id=11988]
  0x00000183d362aad0 GCTaskThread "GC Thread#0" [stack: 0x0000001f2ca00000,0x0000001f2cb00000] [id=12956]
  0x00000183d363bf30 ConcurrentGCThread "G1 Main Marker" [stack: 0x0000001f2cb00000,0x0000001f2cc00000] [id=21740]
  0x00000183d363e000 ConcurrentGCThread "G1 Conc#0" [stack: 0x0000001f2cc00000,0x0000001f2cd00000] [id=11756]
  0x00000183d36bd750 ConcurrentGCThread "G1 Refine#0" [stack: 0x0000001f2cd00000,0x0000001f2ce00000] [id=22264]
  0x00000183d36bdf80 ConcurrentGCThread "G1 Service" [stack: 0x0000001f2ce00000,0x0000001f2cf00000] [id=22540]

Threads with active compile tasks:
C2 CompilerThread0      176  181       4       java.util.HashMap::putVal (300 bytes)
C1 CompilerThread0      176  200       3       jdk.internal.misc.Unsafe::allocateUninitializedArray0 (90 bytes)

VM state: not at safepoint (normal execution)

VM Mutex/Monitor currently owned by a thread:  ([mutex/lock_event])
[0x00000183d35d8390] Metaspace_lock - owner thread: 0x00000183d35dcc20
[0x00000183d35d98f0] MethodData_lock - owner thread: 0x00000183f622e290

Heap address: 0x000000070a000000, size: 3936 MB, Compressed Oops mode: Zero based, Oop shift amount: 3

CDS archive(s) mapped at: [0x0000000800000000-0x0000000800bc0000-0x0000000800bc0000), size 12320768, SharedBaseAddress: 0x0000000800000000, ArchiveRelocationMode: 0.
Compressed class space mapped at: 0x0000000800c00000-0x0000000840c00000, reserved size: 1073741824
Narrow klass base: 0x0000000800000000, Narrow klass shift: 0, Narrow klass range: 0x100000000

GC Precious Log:
 CPUs: 12 total, 12 available
 Memory: 15741M
 Large Page Support: Disabled
 NUMA Support: Disabled
 Compressed Oops: Enabled (Zero based)
 Heap Region Size: 2M
 Heap Min Capacity: 8M
 Heap Initial Capacity: 246M
 Heap Max Capacity: 3936M
 Pre-touch: Disabled
 Parallel Workers: 10
 Concurrent Workers: 3
 Concurrent Refinement Workers: 10
 Periodic GC: Disabled

Heap:
 garbage-first heap   total 251904K, used 2048K [0x000000070a000000, 0x0000000800000000)
  region size 2048K, 2 young (4096K), 0 survivors (0K)
 Metaspace       used 730K, committed 896K, reserved 1056768K
  class space    used 66K, committed 128K, reserved 1048576K

Heap Regions: E=young(eden), S=young(survivor), O=old, HS=humongous(starts), HC=humongous(continues), CS=collection set, F=free, OA=open archive, CA=closed archive, TAMS=top-at-mark-start (previous, next)
|   0|0x000000070a000000, 0x000000070a000000, 0x000000070a200000|  0%| F|  |TAMS 0x000000070a000000, 0x000000070a000000| Untracked 
|   1|0x000000070a200000, 0x000000070a200000, 0x000000070a400000|  0%| F|  |TAMS 0x000000070a200000, 0x000000070a200000| Untracked 
|   2|0x000000070a400000, 0x000000070a400000, 0x000000070a600000|  0%| F|  |TAMS 0x000000070a400000, 0x000000070a400000| Untracked 
|   3|0x000000070a600000, 0x000000070a600000, 0x000000070a800000|  0%| F|  |TAMS 0x000000070a600000, 0x000000070a600000| Untracked 
|   4|0x000000070a800000, 0x000000070a800000, 0x000000070aa00000|  0%| F|  |TAMS 0x000000070a800000, 0x000000070a800000| Untracked 
|   5|0x000000070aa00000, 0x000000070aa00000, 0x000000070ac00000|  0%| F|  |TAMS 0x000000070aa00000, 0x000000070aa00000| Untracked 
|   6|0x000000070ac00000, 0x000000070ac00000, 0x000000070ae00000|  0%| F|  |TAMS 0x000000070ac00000, 0x000000070ac00000| Untracked 
|   7|0x000000070ae00000, 0x000000070ae00000, 0x000000070b000000|  0%| F|  |TAMS 0x000000070ae00000, 0x000000070ae00000| Untracked 
|   8|0x000000070b000000, 0x000000070b000000, 0x000000070b200000|  0%| F|  |TAMS 0x000000070b000000, 0x000000070b000000| Untracked 
|   9|0x000000070b200000, 0x000000070b200000, 0x000000070b400000|  0%| F|  |TAMS 0x000000070b200000, 0x000000070b200000| Untracked 
|  10|0x000000070b400000, 0x000000070b400000, 0x000000070b600000|  0%| F|  |TAMS 0x000000070b400000, 0x000000070b400000| Untracked 
|  11|0x000000070b600000, 0x000000070b600000, 0x000000070b800000|  0%| F|  |TAMS 0x000000070b600000, 0x000000070b600000| Untracked 
|  12|0x000000070b800000, 0x000000070b800000, 0x000000070ba00000|  0%| F|  |TAMS 0x000000070b800000, 0x000000070b800000| Untracked 
|  13|0x000000070ba00000, 0x000000070ba00000, 0x000000070bc00000|  0%| F|  |TAMS 0x000000070ba00000, 0x000000070ba00000| Untracked 
|  14|0x000000070bc00000, 0x000000070bc00000, 0x000000070be00000|  0%| F|  |TAMS 0x000000070bc00000, 0x000000070bc00000| Untracked 
|  15|0x000000070be00000, 0x000000070be00000, 0x000000070c000000|  0%| F|  |TAMS 0x000000070be00000, 0x000000070be00000| Untracked 
|  16|0x000000070c000000, 0x000000070c000000, 0x000000070c200000|  0%| F|  |TAMS 0x000000070c000000, 0x000000070c000000| Untracked 
|  17|0x000000070c200000, 0x000000070c200000, 0x000000070c400000|  0%| F|  |TAMS 0x000000070c200000, 0x000000070c200000| Untracked 
|  18|0x000000070c400000, 0x000000070c400000, 0x000000070c600000|  0%| F|  |TAMS 0x000000070c400000, 0x000000070c400000| Untracked 
|  19|0x000000070c600000, 0x000000070c600000, 0x000000070c800000|  0%| F|  |TAMS 0x000000070c600000, 0x000000070c600000| Untracked 
|  20|0x000000070c800000, 0x000000070c800000, 0x000000070ca00000|  0%| F|  |TAMS 0x000000070c800000, 0x000000070c800000| Untracked 
|  21|0x000000070ca00000, 0x000000070ca00000, 0x000000070cc00000|  0%| F|  |TAMS 0x000000070ca00000, 0x000000070ca00000| Untracked 
|  22|0x000000070cc00000, 0x000000070cc00000, 0x000000070ce00000|  0%| F|  |TAMS 0x000000070cc00000, 0x000000070cc00000| Untracked 
|  23|0x000000070ce00000, 0x000000070ce00000, 0x000000070d000000|  0%| F|  |TAMS 0x000000070ce00000, 0x000000070ce00000| Untracked 
|  24|0x000000070d000000, 0x000000070d000000, 0x000000070d200000|  0%| F|  |TAMS 0x000000070d000000, 0x000000070d000000| Untracked 
|  25|0x000000070d200000, 0x000000070d200000, 0x000000070d400000|  0%| F|  |TAMS 0x000000070d200000, 0x000000070d200000| Untracked 
|  26|0x000000070d400000, 0x000000070d400000, 0x000000070d600000|  0%| F|  |TAMS 0x000000070d400000, 0x000000070d400000| Untracked 
|  27|0x000000070d600000, 0x000000070d600000, 0x000000070d800000|  0%| F|  |TAMS 0x000000070d600000, 0x000000070d600000| Untracked 
|  28|0x000000070d800000, 0x000000070d800000, 0x000000070da00000|  0%| F|  |TAMS 0x000000070d800000, 0x000000070d800000| Untracked 
|  29|0x000000070da00000, 0x000000070da00000, 0x000000070dc00000|  0%| F|  |TAMS 0x000000070da00000, 0x000000070da00000| Untracked 
|  30|0x000000070dc00000, 0x000000070dc00000, 0x000000070de00000|  0%| F|  |TAMS 0x000000070dc00000, 0x000000070dc00000| Untracked 
|  31|0x000000070de00000, 0x000000070de00000, 0x000000070e000000|  0%| F|  |TAMS 0x000000070de00000, 0x000000070de00000| Untracked 
|  32|0x000000070e000000, 0x000000070e000000, 0x000000070e200000|  0%| F|  |TAMS 0x000000070e000000, 0x000000070e000000| Untracked 
|  33|0x000000070e200000, 0x000000070e200000, 0x000000070e400000|  0%| F|  |TAMS 0x000000070e200000, 0x000000070e200000| Untracked 
|  34|0x000000070e400000, 0x000000070e400000, 0x000000070e600000|  0%| F|  |TAMS 0x000000070e400000, 0x000000070e400000| Untracked 
|  35|0x000000070e600000, 0x000000070e600000, 0x000000070e800000|  0%| F|  |TAMS 0x000000070e600000, 0x000000070e600000| Untracked 
|  36|0x000000070e800000, 0x000000070e800000, 0x000000070ea00000|  0%| F|  |TAMS 0x000000070e800000, 0x000000070e800000| Untracked 
|  37|0x000000070ea00000, 0x000000070ea00000, 0x000000070ec00000|  0%| F|  |TAMS 0x000000070ea00000, 0x000000070ea00000| Untracked 
|  38|0x000000070ec00000, 0x000000070ec00000, 0x000000070ee00000|  0%| F|  |TAMS 0x000000070ec00000, 0x000000070ec00000| Untracked 
|  39|0x000000070ee00000, 0x000000070ee00000, 0x000000070f000000|  0%| F|  |TAMS 0x000000070ee00000, 0x000000070ee00000| Untracked 
|  40|0x000000070f000000, 0x000000070f000000, 0x000000070f200000|  0%| F|  |TAMS 0x000000070f000000, 0x000000070f000000| Untracked 
|  41|0x000000070f200000, 0x000000070f200000, 0x000000070f400000|  0%| F|  |TAMS 0x000000070f200000, 0x000000070f200000| Untracked 
|  42|0x000000070f400000, 0x000000070f400000, 0x000000070f600000|  0%| F|  |TAMS 0x000000070f400000, 0x000000070f400000| Untracked 
|  43|0x000000070f600000, 0x000000070f600000, 0x000000070f800000|  0%| F|  |TAMS 0x000000070f600000, 0x000000070f600000| Untracked 
|  44|0x000000070f800000, 0x000000070f800000, 0x000000070fa00000|  0%| F|  |TAMS 0x000000070f800000, 0x000000070f800000| Untracked 
|  45|0x000000070fa00000, 0x000000070fa00000, 0x000000070fc00000|  0%| F|  |TAMS 0x000000070fa00000, 0x000000070fa00000| Untracked 
|  46|0x000000070fc00000, 0x000000070fc00000, 0x000000070fe00000|  0%| F|  |TAMS 0x000000070fc00000, 0x000000070fc00000| Untracked 
|  47|0x000000070fe00000, 0x000000070fe00000, 0x0000000710000000|  0%| F|  |TAMS 0x000000070fe00000, 0x000000070fe00000| Untracked 
|  48|0x0000000710000000, 0x0000000710000000, 0x0000000710200000|  0%| F|  |TAMS 0x0000000710000000, 0x0000000710000000| Untracked 
|  49|0x0000000710200000, 0x0000000710200000, 0x0000000710400000|  0%| F|  |TAMS 0x0000000710200000, 0x0000000710200000| Untracked 
|  50|0x0000000710400000, 0x0000000710400000, 0x0000000710600000|  0%| F|  |TAMS 0x0000000710400000, 0x0000000710400000| Untracked 
|  51|0x0000000710600000, 0x0000000710600000, 0x0000000710800000|  0%| F|  |TAMS 0x0000000710600000, 0x0000000710600000| Untracked 
|  52|0x0000000710800000, 0x0000000710800000, 0x0000000710a00000|  0%| F|  |TAMS 0x0000000710800000, 0x0000000710800000| Untracked 
|  53|0x0000000710a00000, 0x0000000710a00000, 0x0000000710c00000|  0%| F|  |TAMS 0x0000000710a00000, 0x0000000710a00000| Untracked 
|  54|0x0000000710c00000, 0x0000000710c00000, 0x0000000710e00000|  0%| F|  |TAMS 0x0000000710c00000, 0x0000000710c00000| Untracked 
|  55|0x0000000710e00000, 0x0000000710e00000, 0x0000000711000000|  0%| F|  |TAMS 0x0000000710e00000, 0x0000000710e00000| Untracked 
|  56|0x0000000711000000, 0x0000000711000000, 0x0000000711200000|  0%| F|  |TAMS 0x0000000711000000, 0x0000000711000000| Untracked 
|  57|0x0000000711200000, 0x0000000711200000, 0x0000000711400000|  0%| F|  |TAMS 0x0000000711200000, 0x0000000711200000| Untracked 
|  58|0x0000000711400000, 0x0000000711400000, 0x0000000711600000|  0%| F|  |TAMS 0x0000000711400000, 0x0000000711400000| Untracked 
|  59|0x0000000711600000, 0x0000000711600000, 0x0000000711800000|  0%| F|  |TAMS 0x0000000711600000, 0x0000000711600000| Untracked 
|  60|0x0000000711800000, 0x0000000711800000, 0x0000000711a00000|  0%| F|  |TAMS 0x0000000711800000, 0x0000000711800000| Untracked 
|  61|0x0000000711a00000, 0x0000000711a00000, 0x0000000711c00000|  0%| F|  |TAMS 0x0000000711a00000, 0x0000000711a00000| Untracked 
|  62|0x0000000711c00000, 0x0000000711c00000, 0x0000000711e00000|  0%| F|  |TAMS 0x0000000711c00000, 0x0000000711c00000| Untracked 
|  63|0x0000000711e00000, 0x0000000711e00000, 0x0000000712000000|  0%| F|  |TAMS 0x0000000711e00000, 0x0000000711e00000| Untracked 
|  64|0x0000000712000000, 0x0000000712000000, 0x0000000712200000|  0%| F|  |TAMS 0x0000000712000000, 0x0000000712000000| Untracked 
|  65|0x0000000712200000, 0x0000000712200000, 0x0000000712400000|  0%| F|  |TAMS 0x0000000712200000, 0x0000000712200000| Untracked 
|  66|0x0000000712400000, 0x0000000712400000, 0x0000000712600000|  0%| F|  |TAMS 0x0000000712400000, 0x0000000712400000| Untracked 
|  67|0x0000000712600000, 0x0000000712600000, 0x0000000712800000|  0%| F|  |TAMS 0x0000000712600000, 0x0000000712600000| Untracked 
|  68|0x0000000712800000, 0x0000000712800000, 0x0000000712a00000|  0%| F|  |TAMS 0x0000000712800000, 0x0000000712800000| Untracked 
|  69|0x0000000712a00000, 0x0000000712a00000, 0x0000000712c00000|  0%| F|  |TAMS 0x0000000712a00000, 0x0000000712a00000| Untracked 
|  70|0x0000000712c00000, 0x0000000712c00000, 0x0000000712e00000|  0%| F|  |TAMS 0x0000000712c00000, 0x0000000712c00000| Untracked 
|  71|0x0000000712e00000, 0x0000000712e00000, 0x0000000713000000|  0%| F|  |TAMS 0x0000000712e00000, 0x0000000712e00000| Untracked 
|  72|0x0000000713000000, 0x0000000713000000, 0x0000000713200000|  0%| F|  |TAMS 0x0000000713000000, 0x0000000713000000| Untracked 
|  73|0x0000000713200000, 0x0000000713200000, 0x0000000713400000|  0%| F|  |TAMS 0x0000000713200000, 0x0000000713200000| Untracked 
|  74|0x0000000713400000, 0x0000000713400000, 0x0000000713600000|  0%| F|  |TAMS 0x0000000713400000, 0x0000000713400000| Untracked 
|  75|0x0000000713600000, 0x0000000713600000, 0x0000000713800000|  0%| F|  |TAMS 0x0000000713600000, 0x0000000713600000| Untracked 
|  76|0x0000000713800000, 0x0000000713800000, 0x0000000713a00000|  0%| F|  |TAMS 0x0000000713800000, 0x0000000713800000| Untracked 
|  77|0x0000000713a00000, 0x0000000713a00000, 0x0000000713c00000|  0%| F|  |TAMS 0x0000000713a00000, 0x0000000713a00000| Untracked 
|  78|0x0000000713c00000, 0x0000000713c00000, 0x0000000713e00000|  0%| F|  |TAMS 0x0000000713c00000, 0x0000000713c00000| Untracked 
|  79|0x0000000713e00000, 0x0000000713e00000, 0x0000000714000000|  0%| F|  |TAMS 0x0000000713e00000, 0x0000000713e00000| Untracked 
|  80|0x0000000714000000, 0x0000000714000000, 0x0000000714200000|  0%| F|  |TAMS 0x0000000714000000, 0x0000000714000000| Untracked 
|  81|0x0000000714200000, 0x0000000714200000, 0x0000000714400000|  0%| F|  |TAMS 0x0000000714200000, 0x0000000714200000| Untracked 
|  82|0x0000000714400000, 0x0000000714400000, 0x0000000714600000|  0%| F|  |TAMS 0x0000000714400000, 0x0000000714400000| Untracked 
|  83|0x0000000714600000, 0x0000000714600000, 0x0000000714800000|  0%| F|  |TAMS 0x0000000714600000, 0x0000000714600000| Untracked 
|  84|0x0000000714800000, 0x0000000714800000, 0x0000000714a00000|  0%| F|  |TAMS 0x0000000714800000, 0x0000000714800000| Untracked 
|  85|0x0000000714a00000, 0x0000000714a00000, 0x0000000714c00000|  0%| F|  |TAMS 0x0000000714a00000, 0x0000000714a00000| Untracked 
|  86|0x0000000714c00000, 0x0000000714c00000, 0x0000000714e00000|  0%| F|  |TAMS 0x0000000714c00000, 0x0000000714c00000| Untracked 
|  87|0x0000000714e00000, 0x0000000714e00000, 0x0000000715000000|  0%| F|  |TAMS 0x0000000714e00000, 0x0000000714e00000| Untracked 
|  88|0x0000000715000000, 0x0000000715000000, 0x0000000715200000|  0%| F|  |TAMS 0x0000000715000000, 0x0000000715000000| Untracked 
|  89|0x0000000715200000, 0x0000000715200000, 0x0000000715400000|  0%| F|  |TAMS 0x0000000715200000, 0x0000000715200000| Untracked 
|  90|0x0000000715400000, 0x0000000715400000, 0x0000000715600000|  0%| F|  |TAMS 0x0000000715400000, 0x0000000715400000| Untracked 
|  91|0x0000000715600000, 0x0000000715600000, 0x0000000715800000|  0%| F|  |TAMS 0x0000000715600000, 0x0000000715600000| Untracked 
|  92|0x0000000715800000, 0x0000000715800000, 0x0000000715a00000|  0%| F|  |TAMS 0x0000000715800000, 0x0000000715800000| Untracked 
|  93|0x0000000715a00000, 0x0000000715a00000, 0x0000000715c00000|  0%| F|  |TAMS 0x0000000715a00000, 0x0000000715a00000| Untracked 
|  94|0x0000000715c00000, 0x0000000715c00000, 0x0000000715e00000|  0%| F|  |TAMS 0x0000000715c00000, 0x0000000715c00000| Untracked 
|  95|0x0000000715e00000, 0x0000000715e00000, 0x0000000716000000|  0%| F|  |TAMS 0x0000000715e00000, 0x0000000715e00000| Untracked 
|  96|0x0000000716000000, 0x0000000716000000, 0x0000000716200000|  0%| F|  |TAMS 0x0000000716000000, 0x0000000716000000| Untracked 
|  97|0x0000000716200000, 0x0000000716200000, 0x0000000716400000|  0%| F|  |TAMS 0x0000000716200000, 0x0000000716200000| Untracked 
|  98|0x0000000716400000, 0x0000000716400000, 0x0000000716600000|  0%| F|  |TAMS 0x0000000716400000, 0x0000000716400000| Untracked 
|  99|0x0000000716600000, 0x0000000716600000, 0x0000000716800000|  0%| F|  |TAMS 0x0000000716600000, 0x0000000716600000| Untracked 
| 100|0x0000000716800000, 0x0000000716800000, 0x0000000716a00000|  0%| F|  |TAMS 0x0000000716800000, 0x0000000716800000| Untracked 
| 101|0x0000000716a00000, 0x0000000716a00000, 0x0000000716c00000|  0%| F|  |TAMS 0x0000000716a00000, 0x0000000716a00000| Untracked 
| 102|0x0000000716c00000, 0x0000000716c00000, 0x0000000716e00000|  0%| F|  |TAMS 0x0000000716c00000, 0x0000000716c00000| Untracked 
| 103|0x0000000716e00000, 0x0000000716e00000, 0x0000000717000000|  0%| F|  |TAMS 0x0000000716e00000, 0x0000000716e00000| Untracked 
| 104|0x0000000717000000, 0x0000000717000000, 0x0000000717200000|  0%| F|  |TAMS 0x0000000717000000, 0x0000000717000000| Untracked 
| 105|0x0000000717200000, 0x0000000717200000, 0x0000000717400000|  0%| F|  |TAMS 0x0000000717200000, 0x0000000717200000| Untracked 
| 106|0x0000000717400000, 0x0000000717400000, 0x0000000717600000|  0%| F|  |TAMS 0x0000000717400000, 0x0000000717400000| Untracked 
| 107|0x0000000717600000, 0x0000000717600000, 0x0000000717800000|  0%| F|  |TAMS 0x0000000717600000, 0x0000000717600000| Untracked 
| 108|0x0000000717800000, 0x0000000717800000, 0x0000000717a00000|  0%| F|  |TAMS 0x0000000717800000, 0x0000000717800000| Untracked 
| 109|0x0000000717a00000, 0x0000000717a00000, 0x0000000717c00000|  0%| F|  |TAMS 0x0000000717a00000, 0x0000000717a00000| Untracked 
| 110|0x0000000717c00000, 0x0000000717c00000, 0x0000000717e00000|  0%| F|  |TAMS 0x0000000717c00000, 0x0000000717c00000| Untracked 
| 111|0x0000000717e00000, 0x0000000717e00000, 0x0000000718000000|  0%| F|  |TAMS 0x0000000717e00000, 0x0000000717e00000| Untracked 
| 112|0x0000000718000000, 0x0000000718000000, 0x0000000718200000|  0%| F|  |TAMS 0x0000000718000000, 0x0000000718000000| Untracked 
| 113|0x0000000718200000, 0x0000000718200000, 0x0000000718400000|  0%| F|  |TAMS 0x0000000718200000, 0x0000000718200000| Untracked 
| 114|0x0000000718400000, 0x0000000718400000, 0x0000000718600000|  0%| F|  |TAMS 0x0000000718400000, 0x0000000718400000| Untracked 
| 115|0x0000000718600000, 0x0000000718600000, 0x0000000718800000|  0%| F|  |TAMS 0x0000000718600000, 0x0000000718600000| Untracked 
| 116|0x0000000718800000, 0x0000000718800000, 0x0000000718a00000|  0%| F|  |TAMS 0x0000000718800000, 0x0000000718800000| Untracked 
| 117|0x0000000718a00000, 0x0000000718a00000, 0x0000000718c00000|  0%| F|  |TAMS 0x0000000718a00000, 0x0000000718a00000| Untracked 
| 118|0x0000000718c00000, 0x0000000718c00000, 0x0000000718e00000|  0%| F|  |TAMS 0x0000000718c00000, 0x0000000718c00000| Untracked 
| 119|0x0000000718e00000, 0x0000000718e00000, 0x0000000719000000|  0%| F|  |TAMS 0x0000000718e00000, 0x0000000718e00000| Untracked 
| 120|0x0000000719000000, 0x0000000719000000, 0x0000000719200000|  0%| F|  |TAMS 0x0000000719000000, 0x0000000719000000| Untracked 
| 121|0x0000000719200000, 0x0000000719271268, 0x0000000719400000| 22%| E|  |TAMS 0x0000000719200000, 0x0000000719200000| Complete 
| 122|0x0000000719400000, 0x0000000719600000, 0x0000000719600000|100%| E|CS|TAMS 0x0000000719400000, 0x0000000719400000| Complete 

Card table byte_map: [0x00000183eab50000,0x00000183eb300000] _byte_map_base: 0x00000183e7300000

Marking Bits (Prev, Next): (CMBitMap*) 0x00000183d362c000, (CMBitMap*) 0x00000183d362c040
 Prev Bits: [0x00000183ebab0000, 0x00000183ef830000)
 Next Bits: [0x00000183ef830000, 0x00000183f35b0000)

Polling page: 0x00000183d1590000

Metaspace:

Usage:
  Non-class:    663.86 KB used.
      Class:     66.35 KB used.
       Both:    730.21 KB used.

Virtual space:
  Non-class space:        8.00 MB reserved,     768.00 KB (  9%) committed,  1 nodes.
      Class space:        1.00 GB reserved,     128.00 KB ( <1%) committed,  1 nodes.
             Both:        1.01 GB reserved,     896.00 KB ( <1%) committed. 

Chunk freelists:
   Non-Class:  3.98 MB
       Class:  3.74 MB
        Both:  7.73 MB

MaxMetaspaceSize: unlimited
CompressedClassSpaceSize: 1.00 GB
Initial GC threshold: 21.00 MB
Current GC threshold: 21.00 MB
CDS: on
MetaspaceReclaimPolicy: balanced
 - commit_granule_bytes: 65536.
 - commit_granule_words: 8192.
 - virtual_space_node_default_size: 1048576.
 - enlarge_chunks_in_place: 1.
 - new_chunks_are_fully_committed: 0.
 - uncommit_free_chunks: 1.
 - use_allocation_guard: 0.
 - handle_deallocations: 1.


Internal statistics:

num_allocs_failed_limit: 0.
num_arena_births: 12.
num_arena_deaths: 0.
num_vsnodes_births: 2.
num_vsnodes_deaths: 0.
num_space_committed: 14.
num_space_uncommitted: 0.
num_chunks_returned_to_freelist: 0.
num_chunks_taken_from_freelist: 14.
num_chunk_merges: 0.
num_chunk_splits: 7.
num_chunks_enlarged: 3.
num_purges: 0.
num_inconsistent_stats: 0.

CodeHeap 'non-profiled nmethods': size=120000Kb used=53Kb max_used=53Kb free=119946Kb
 bounds [0x00000183e2910000, 0x00000183e2b80000, 0x00000183e9e40000]
CodeHeap 'profiled nmethods': size=120000Kb used=251Kb max_used=251Kb free=119748Kb
 bounds [0x00000183db3e0000, 0x00000183db650000, 0x00000183e2910000]
CodeHeap 'non-nmethods': size=5760Kb used=1103Kb max_used=1110Kb free=4656Kb
 bounds [0x00000183dae40000, 0x00000183db0b0000, 0x00000183db3e0000]
 total_blobs=575 nmethods=195 adapters=293
 compilation: enabled
              stopped_count=0, restarted_count=0
 full_count=0

Compilation events (20 events):
Event: 0.117 Thread 0x00000183f622e290  179       3       sun.util.locale.LocaleUtils::isUpper (18 bytes)
Event: 0.117 Thread 0x00000183f622e290 nmethod 179 0x00000183db416b10 code [0x00000183db416ca0, 0x00000183db416e18]
Event: 0.117 Thread 0x00000183f622e290  180       1       sun.util.locale.BaseLocale::getLanguage (5 bytes)
Event: 0.117 Thread 0x00000183f622e290 nmethod 180 0x00000183e291ca10 code [0x00000183e291cba0, 0x00000183e291cc78]
Event: 0.117 Thread 0x00000183f622b980  181       4       java.util.HashMap::putVal (300 bytes)
Event: 0.119 Thread 0x00000183f622e290  184       3       sun.nio.fs.WindowsPathParser::isSlash (18 bytes)
Event: 0.119 Thread 0x00000183f622e290 nmethod 184 0x00000183db416e90 code [0x00000183db417020, 0x00000183db417198]
Event: 0.119 Thread 0x00000183f622e290  185       3       java.lang.System::getSecurityManager (12 bytes)
Event: 0.119 Thread 0x00000183f622e290 nmethod 185 0x00000183db417210 code [0x00000183db4173a0, 0x00000183db417538]
Event: 0.119 Thread 0x00000183f622e290  186       3       java.lang.System::allowSecurityManager (13 bytes)
Event: 0.119 Thread 0x00000183f622e290 nmethod 186 0x00000183db417610 code [0x00000183db4177a0, 0x00000183db4178b8]
Event: 0.120 Thread 0x00000183f622e290  187       3       java.lang.ref.Reference::reachabilityFence (1 bytes)
Event: 0.120 Thread 0x00000183f622e290 nmethod 187 0x00000183db417910 code [0x00000183db417aa0, 0x00000183db417b98]
Event: 0.121 Thread 0x00000183f622e290  188       3       java.lang.invoke.MethodType::checkPtypes (76 bytes)
Event: 0.122 Thread 0x00000183f622e290 nmethod 188 0x00000183db417c10 code [0x00000183db417e80, 0x00000183db4187e8]
Event: 0.122 Thread 0x00000183f622e290  190       3       java.lang.AbstractStringBuilder::<init> (39 bytes)
Event: 0.122 Thread 0x00000183f622e290 nmethod 190 0x00000183db418b90 code [0x00000183db418d40, 0x00000183db418fd8]
Event: 0.122 Thread 0x00000183f622e290  191       3       java.lang.StringBuilder::toString (35 bytes)
Event: 0.122 Thread 0x00000183f622e290 nmethod 191 0x00000183db419090 code [0x00000183db419260, 0x00000183db419538]
Event: 0.122 Thread 0x00000183f622e290  193       3       java.util.StringTokenizer::scanToken (179 bytes)

GC Heap History (0 events):
No events

Deoptimization events (4 events):
Event: 0.106 Thread 0x00000183d35dcc20 Uncommon trap: trap_request=0xffffff45 fr.pc=0x00000183e29169f8 relative=0x0000000000000078
Event: 0.106 Thread 0x00000183d35dcc20 Uncommon trap: reason=unstable_if action=reinterpret pc=0x00000183e29169f8 method=java.lang.String.isLatin1()Z @ 10 c2
Event: 0.106 Thread 0x00000183d35dcc20 DEOPT PACKING pc=0x00000183e29169f8 sp=0x0000001f2c9fdfb0
Event: 0.106 Thread 0x00000183d35dcc20 DEOPT UNPACKING pc=0x00000183dae923a3 sp=0x0000001f2c9fdef0 mode 2

Classes unloaded (0 events):
No events

Classes redefined (0 events):
No events

Internal exceptions (1 events):
Event: 0.083 Thread 0x00000183d35dcc20 Exception <a 'java/lang/NoSuchMethodError'{0x00000007195180e0}: 'void java.lang.invoke.DirectMethodHandle$Holder.invokeVirtual(java.lang.Object, java.lang.Object)'> (0x00000007195180e0) 
thrown [t:\workspace\open\src\hotspot\share\interpreter\linkResolver.cpp, line 766]

VM Operations (0 events):
No events

Events (20 events):
Event: 0.105 Thread 0x00000183f6d59cf0 Thread added: 0x00000183f6d59cf0
Event: 0.107 loading class jdk/internal/module/ModuleReferences$ExplodedModuleReader
Event: 0.107 loading class jdk/internal/module/ModuleReferences$ExplodedModuleReader done
Event: 0.107 loading class jdk/internal/module/ModulePatcher$PatchedModuleReader
Event: 0.107 loading class jdk/internal/module/ModulePatcher$PatchedModuleReader done
Event: 0.109 loading class java/util/Scanner
Event: 0.109 loading class java/util/Scanner done
Event: 0.114 loading class java/io/InputStreamReader
Event: 0.115 loading class java/io/Reader
Event: 0.115 loading class java/io/Reader done
Event: 0.115 loading class java/io/InputStreamReader done
Event: 0.115 loading class sun/nio/cs/StreamDecoder
Event: 0.115 loading class sun/nio/cs/StreamDecoder done
Event: 0.115 loading class sun/nio/cs/UTF_8$Decoder
Event: 0.115 loading class sun/nio/cs/UTF_8$Decoder done
Event: 0.115 loading class java/util/Scanner$PatternLRUCache
Event: 0.115 loading class java/util/Scanner$PatternLRUCache done
Event: 0.120 Loaded shared library C:\Program Files\Java\jdk-17.0.2\bin\jimage.dll
Event: 0.120 loading class sun/net/www/protocol/jrt/Handler
Event: 0.120 loading class sun/net/www/protocol/jrt/Handler done


Dynamic libraries:
0x00007ff7eb1b0000 - 0x00007ff7eb1c0000 	C:\Program Files\Java\jdk-17.0.2\bin\javaw.exe
0x00007ff9579f0000 - 0x00007ff957be5000 	C:\Windows\SYSTEM32\ntdll.dll
0x00007ff957020000 - 0x00007ff9570de000 	C:\Windows\System32\KERNEL32.DLL
0x00007ff955740000 - 0x00007ff955a08000 	C:\Windows\System32\KERNELBASE.dll
0x00007ff955340000 - 0x00007ff955440000 	C:\Windows\System32\ucrtbase.dll
0x00007ff94e060000 - 0x00007ff94e078000 	C:\Program Files\Java\jdk-17.0.2\bin\jli.dll
0x00007ff94f930000 - 0x00007ff94f94a000 	C:\Program Files\Java\jdk-17.0.2\bin\VCRUNTIME140.dll
0x00007ff955b70000 - 0x00007ff955c1e000 	C:\Windows\System32\ADVAPI32.dll
0x00007ff9565c0000 - 0x00007ff95665e000 	C:\Windows\System32\msvcrt.dll
0x00007ff9577b0000 - 0x00007ff95784c000 	C:\Windows\System32\sechost.dll
0x00007ff957880000 - 0x00007ff9579a5000 	C:\Windows\System32\RPCRT4.dll
0x00007ff956da0000 - 0x00007ff956f40000 	C:\Windows\System32\USER32.dll
0x00007ff955150000 - 0x00007ff955172000 	C:\Windows\System32\win32u.dll
0x00007ff934510000 - 0x00007ff9347aa000 	C:\Windows\WinSxS\amd64_microsoft.windows.common-controls_6595b64144ccf1df_6.0.19041.1110_none_60b5254171f9507e\COMCTL32.dll
0x00007ff956470000 - 0x00007ff95649b000 	C:\Windows\System32\GDI32.dll
0x00007ff9554d0000 - 0x00007ff9555dd000 	C:\Windows\System32\gdi32full.dll
0x00007ff955230000 - 0x00007ff9552cd000 	C:\Windows\System32\msvcp_win.dll
0x00007ff94c220000 - 0x00007ff94c22a000 	C:\Windows\SYSTEM32\VERSION.dll
0x00007ff957850000 - 0x00007ff957880000 	C:\Windows\System32\IMM32.DLL
0x00007ff950cd0000 - 0x00007ff950cdc000 	C:\Program Files\Java\jdk-17.0.2\bin\vcruntime140_1.dll
0x00007ff93dfc0000 - 0x00007ff93e04d000 	C:\Program Files\Java\jdk-17.0.2\bin\msvcp140.dll
0x00007ff8e6a70000 - 0x00007ff8e7631000 	C:\Program Files\Java\jdk-17.0.2\bin\server\jvm.dll
0x00007ff956790000 - 0x00007ff956798000 	C:\Windows\System32\PSAPI.DLL
0x00007ff949ab0000 - 0x00007ff949ad7000 	C:\Windows\SYSTEM32\WINMM.dll
0x00007ff930630000 - 0x00007ff930639000 	C:\Windows\SYSTEM32\WSOCK32.dll
0x00007ff956d30000 - 0x00007ff956d9b000 	C:\Windows\System32\WS2_32.dll
0x00007ff953980000 - 0x00007ff953992000 	C:\Windows\SYSTEM32\kernel.appcore.dll
0x00007ff9509c0000 - 0x00007ff9509ca000 	C:\Program Files\Java\jdk-17.0.2\bin\jimage.dll
0x00007ff953770000 - 0x00007ff953954000 	C:\Windows\SYSTEM32\DBGHELP.DLL
0x00007ff946e20000 - 0x00007ff946e4c000 	C:\Windows\SYSTEM32\dbgcore.DLL
0x00007ff955440000 - 0x00007ff9554c2000 	C:\Windows\System32\bcryptPrimitives.dll
0x00007ff944140000 - 0x00007ff944165000 	C:\Program Files\Java\jdk-17.0.2\bin\java.dll
0x00007ff93dee0000 - 0x00007ff93dfb6000 	C:\Program Files\Java\jdk-17.0.2\bin\jsvml.dll
0x00007ff955c20000 - 0x00007ff956364000 	C:\Windows\System32\SHELL32.dll
0x00007ff952e90000 - 0x00007ff953624000 	C:\Windows\SYSTEM32\windows.storage.dll
0x00007ff957450000 - 0x00007ff9577a5000 	C:\Windows\System32\combase.dll
0x00007ff954b50000 - 0x00007ff954b7e000 	C:\Windows\SYSTEM32\Wldp.dll
0x00007ff9564a0000 - 0x00007ff95654d000 	C:\Windows\System32\SHCORE.dll
0x00007ff956550000 - 0x00007ff9565a5000 	C:\Windows\System32\shlwapi.dll
0x00007ff955040000 - 0x00007ff95505f000 	C:\Windows\SYSTEM32\profapi.dll
0x00007ff943a90000 - 0x00007ff943aa9000 	C:\Program Files\Java\jdk-17.0.2\bin\net.dll
0x00007ff943ac0000 - 0x00007ff943bcc000 	C:\Windows\SYSTEM32\WINHTTP.dll
0x00007ff9548b0000 - 0x00007ff95491a000 	C:\Windows\system32\mswsock.dll
0x00007ff9422e0000 - 0x00007ff9422f6000 	C:\Program Files\Java\jdk-17.0.2\bin\nio.dll

dbghelp: loaded successfully - version: 4.0.5 - missing functions: none
symbol engine: initialized successfully - sym options: 0x614 - pdb path: .;C:\Program Files\Java\jdk-17.0.2\bin;C:\Windows\SYSTEM32;C:\Windows\WinSxS\amd64_microsoft.windows.common-controls_6595b64144ccf1df_6.0.19041.1110_none_60b5254171f9507e;C:\Program Files\Java\jdk-17.0.2\bin\server

VM Arguments:
jvm_args: -Dfile.encoding=UTF-8 --module-path=D:\workspace\eclipse-workspace\Programowanie objektowe\cw3\cw8\bin -XX:+ShowCodeDetailsInExceptionMessages -Djdk.module.main=Cw8 
java_command: Cw8/cw8.Cw8
java_class_path (initial): <not set>
Launcher Type: SUN_STANDARD

[Global flags]
     intx CICompilerCount                          = 4                                         {product} {ergonomic}
     uint ConcGCThreads                            = 3                                         {product} {ergonomic}
     uint G1ConcRefinementThreads                  = 10                                        {product} {ergonomic}
   size_t G1HeapRegionSize                         = 2097152                                   {product} {ergonomic}
    uintx GCDrainStackTargetSize                   = 64                                        {product} {ergonomic}
   size_t InitialHeapSize                          = 257949696                                 {product} {ergonomic}
   size_t MarkStackSize                            = 4194304                                   {product} {ergonomic}
   size_t MaxHeapSize                              = 4127195136                                {product} {ergonomic}
   size_t MaxNewSize                               = 2474639360                                {product} {ergonomic}
   size_t MinHeapDeltaBytes                        = 2097152                                   {product} {ergonomic}
   size_t MinHeapSize                              = 8388608                                   {product} {ergonomic}
    uintx NonNMethodCodeHeapSize                   = 5839372                                {pd product} {ergonomic}
    uintx NonProfiledCodeHeapSize                  = 122909434                              {pd product} {ergonomic}
    uintx ProfiledCodeHeapSize                     = 122909434                              {pd product} {ergonomic}
    uintx ReservedCodeCacheSize                    = 251658240                              {pd product} {ergonomic}
     bool SegmentedCodeCache                       = true                                      {product} {ergonomic}
     bool ShowCodeDetailsInExceptionMessages       = true                                   {manageable} {command line}
   size_t SoftMaxHeapSize                          = 4127195136                             {manageable} {ergonomic}
     bool UseCompressedClassPointers               = true                           {product lp64_product} {ergonomic}
     bool UseCompressedOops                        = true                           {product lp64_product} {ergonomic}
     bool UseG1GC                                  = true                                      {product} {ergonomic}
     bool UseLargePagesIndividualAllocation        = false                                  {pd product} {ergonomic}

Logging:
Log output configuration:
 #0: stdout all=warning uptime,level,tags
 #1: stderr all=off uptime,level,tags

Environment Variables:
PATH=C:\ProgramData\Oracle\Java\javapath;C:\Program Files\Common Files\Oracle\Java\javapath;C:\Windows\system32;C:\Windows;C:\Windows\System32\Wbem;C:\Windows\System32\WindowsPowerShell\v1.0\;C:\Windows\System32\OpenSSH\;C:\Program Files\nodejs\;C:\Program Files\NVIDIA Corporation\NVIDIA NvDLISR;C:\Program Files (x86)\NVIDIA Corporation\PhysX\Common;C:\Program Files\Java\jdk-17.0.2\bin;C:\Users\glapi\AppData\Local\Programs\Python\Python310\Scripts\;C:\Users\glapi\AppData\Local\Programs\Python\Python310\;C:\Users\glapi\AppData\Local\Microsoft\WindowsApps;C:\Users\glapi\AppData\Roaming\npm;D:\programs\Microsoft VS Code\bin;
USERNAME=glapi
OS=Windows_NT
PROCESSOR_IDENTIFIER=AMD64 Family 23 Model 96 Stepping 1, AuthenticAMD



---------------  S Y S T E M  ---------------

OS:
 Windows 10 , 64 bit Build 19041 (10.0.19041.1503)
OS uptime: 3 days 23:42 hours

CPU: total 12 (initial active 12) (12 cores per cpu, 2 threads per core) family 23 model 96 stepping 1 microcode 0x0, cx8, cmov, fxsr, ht, mmx, 3dnowpref, sse, sse2, sse3, ssse3, sse4a, sse4.1, sse4.2, popcnt, lzcnt, tsc, tscinvbit, avx, avx2, aes, clmul, bmi1, bmi2, adx, sha, fma, vzeroupper, clflush, clflushopt

Memory: 4k page, system-wide physical 15741M (5327M free)
TotalPageFile size 32438M (AvailPageFile size 3M)
current process WorkingSet (physical memory assigned to process): 35M, peak: 35M
current process commit charge ("private bytes"): 338M, peak: 338M

vm_info: Java HotSpot(TM) 64-Bit Server VM (17.0.2+8-LTS-86) for windows-amd64 JRE (17.0.2+8-LTS-86), built on Dec  7 2021 21:51:03 by "mach5one" with MS VC++ 16.8 / 16.9 (VS2019)

END.
