#
# There is insufficient memory for the Java Runtime Environment to continue.
# Native memory allocation (mmap) failed to map 257949696 bytes for G1 virtual space
# Possible reasons:
#   The system is out of physical RAM or swap space
#   The process is running with CompressedOops enabled, and the Java Heap may be blocking the growth of the native heap
# Possible solutions:
#   Reduce memory load on the system
#   Increase physical memory or swap space
#   Check if swap backing store is full
#   Decrease Java heap size (-Xmx/-Xms)
#   Decrease number of Java threads
#   Decrease Java thread stack sizes (-Xss)
#   Set larger code cache with -XX:ReservedCodeCacheSize=
#   JVM is running with Zero Based Compressed Oops mode in which the Java heap is
#     placed in the first 32GB address space. The Java Heap base address is the
#     maximum limit for the native heap growth. Please use -XX:HeapBaseMinAddress
#     to set the Java Heap base and to place the Java Heap above 32GB virtual address.
# This output file may be truncated or incomplete.
#
#  Out of Memory Error (os_windows.cpp:3532), pid=5160, tid=6456
#
# JRE version:  (17.0.2+8) (build )
# Java VM: Java HotSpot(TM) 64-Bit Server VM (17.0.2+8-LTS-86, mixed mode, sharing, tiered, compressed oops, compressed class ptrs, g1 gc, windows-amd64)
# No core dump will be written. Minidumps are not enabled by default on client versions of Windows
#

---------------  S U M M A R Y ------------

Command Line: -Dfile.encoding=UTF-8 --module-path=D:\workspace\eclipse-workspace\Programowanie objektowe\cw3\cw8\bin -XX:+ShowCodeDetailsInExceptionMessages -Djdk.module.main=Cw8 Cw8/cw8.Cw8

Host: AMD Ryzen 5 4600H with Radeon Graphics         , 12 cores, 15G,  Windows 10 , 64 bit Build 19041 (10.0.19041.1503)
Time: Fri Mar 11 19:23:39 2022  Windows 10 , 64 bit Build 19041 (10.0.19041.1503) elapsed time: 0.013732 seconds (0d 0h 0m 0s)

---------------  T H R E A D  ---------------

Current thread (0x000001757e10e9c0):  JavaThread "Unknown thread" [_thread_in_vm, id=6456, stack(0x0000000488f00000,0x0000000489000000)]

Stack: [0x0000000488f00000,0x0000000489000000]
Native frames: (J=compiled Java code, j=interpreted, Vv=VM code, C=native code)
V  [jvm.dll+0x670baa]
V  [jvm.dll+0x7cfcb4]
V  [jvm.dll+0x7d145e]
V  [jvm.dll+0x7d1ac3]
V  [jvm.dll+0x242bc5]
V  [jvm.dll+0x66dac9]
V  [jvm.dll+0x662412]
V  [jvm.dll+0x300c0b]
V  [jvm.dll+0x3081a6]
V  [jvm.dll+0x357d0e]
V  [jvm.dll+0x357f3f]
V  [jvm.dll+0x2d7ec8]
V  [jvm.dll+0x2d8e34]
V  [jvm.dll+0x7a18c1]
V  [jvm.dll+0x365a91]
V  [jvm.dll+0x780d2c]
V  [jvm.dll+0x3e845f]
V  [jvm.dll+0x3e9f01]
C  [jli.dll+0x527b]
C  [ucrtbase.dll+0x21bb2]
C  [KERNEL32.DLL+0x17034]
C  [ntdll.dll+0x52651]


---------------  P R O C E S S  ---------------

Threads class SMR info:
_java_thread_list=0x00007ff8e7509858, length=0, elements={
}

Java Threads: ( => current thread )

Other Threads:
  0x000001757e15ba00 GCTaskThread "GC Thread#0" [stack: 0x0000000489000000,0x0000000489100000] [id=9384]
  0x000001757e16e610 ConcurrentGCThread "G1 Main Marker" [stack: 0x0000000489100000,0x0000000489200000] [id=23596]
  0x000001757e16ef30 ConcurrentGCThread "G1 Conc#0" [stack: 0x0000000489200000,0x0000000489300000] [id=864]

[error occurred during error reporting (printing all threads), id 0xc0000005, EXCEPTION_ACCESS_VIOLATION (0xc0000005) at pc=0x00007ff8e6d588a7]

VM state: not at safepoint (not fully initialized)

VM Mutex/Monitor currently owned by a thread:  ([mutex/lock_event])
[0x000001757e10a2c0] Heap_lock - owner thread: 0x000001757e10e9c0

Heap address: 0x000000070a000000, size: 3936 MB, Compressed Oops mode: Zero based, Oop shift amount: 3

CDS archive(s) mapped at: [0x0000000000000000-0x0000000000000000-0x0000000000000000), size 0, SharedBaseAddress: 0x0000000800000000, ArchiveRelocationMode: 0.
Narrow klass base: 0x0000000000000000, Narrow klass shift: 0, Narrow klass range: 0x0

GC Precious Log:
<Empty>

Heap:
 garbage-first heap   total 0K, used 0K [0x000000070a000000, 0x0000000800000000)
  region size 2048K, 0 young (0K), 0 survivors (0K)

[error occurred during error reporting (printing heap information), id 0xc0000005, EXCEPTION_ACCESS_VIOLATION (0xc0000005) at pc=0x00007ff8e7139f19]

GC Heap History (0 events):
No events

Deoptimization events (0 events):
No events

Classes unloaded (0 events):
No events

Classes redefined (0 events):
No events

Internal exceptions (0 events):
No events

VM Operations (0 events):
No events

Events (1 events):
Event: 0.008 Loaded shared library C:\Program Files\Java\jdk-17.0.2\bin\java.dll


Dynamic libraries:
0x00007ff7eb1b0000 - 0x00007ff7eb1c0000 	C:\Program Files\Java\jdk-17.0.2\bin\javaw.exe
0x00007ff9579f0000 - 0x00007ff957be5000 	C:\Windows\SYSTEM32\ntdll.dll
0x00007ff957020000 - 0x00007ff9570de000 	C:\Windows\System32\KERNEL32.DLL
0x00007ff955740000 - 0x00007ff955a08000 	C:\Windows\System32\KERNELBASE.dll
0x00007ff955340000 - 0x00007ff955440000 	C:\Windows\System32\ucrtbase.dll
0x00007ff94e060000 - 0x00007ff94e078000 	C:\Program Files\Java\jdk-17.0.2\bin\jli.dll
0x00007ff94f930000 - 0x00007ff94f94a000 	C:\Program Files\Java\jdk-17.0.2\bin\VCRUNTIME140.dll
0x00007ff955b70000 - 0x00007ff955c1e000 	C:\Windows\System32\ADVAPI32.dll
0x00007ff9565c0000 - 0x00007ff95665e000 	C:\Windows\System32\msvcrt.dll
0x00007ff9577b0000 - 0x00007ff95784c000 	C:\Windows\System32\sechost.dll
0x00007ff957880000 - 0x00007ff9579a5000 	C:\Windows\System32\RPCRT4.dll
0x00007ff956da0000 - 0x00007ff956f40000 	C:\Windows\System32\USER32.dll
0x00007ff955150000 - 0x00007ff955172000 	C:\Windows\System32\win32u.dll
0x00007ff934510000 - 0x00007ff9347aa000 	C:\Windows\WinSxS\amd64_microsoft.windows.common-controls_6595b64144ccf1df_6.0.19041.1110_none_60b5254171f9507e\COMCTL32.dll
0x00007ff956470000 - 0x00007ff95649b000 	C:\Windows\System32\GDI32.dll
0x00007ff9554d0000 - 0x00007ff9555dd000 	C:\Windows\System32\gdi32full.dll
0x00007ff955230000 - 0x00007ff9552cd000 	C:\Windows\System32\msvcp_win.dll
0x00007ff94c220000 - 0x00007ff94c22a000 	C:\Windows\SYSTEM32\VERSION.dll
0x00007ff957850000 - 0x00007ff957880000 	C:\Windows\System32\IMM32.DLL
0x00007ff950cd0000 - 0x00007ff950cdc000 	C:\Program Files\Java\jdk-17.0.2\bin\vcruntime140_1.dll
0x00007ff93dfc0000 - 0x00007ff93e04d000 	C:\Program Files\Java\jdk-17.0.2\bin\msvcp140.dll
0x00007ff8e6a70000 - 0x00007ff8e7631000 	C:\Program Files\Java\jdk-17.0.2\bin\server\jvm.dll
0x00007ff956790000 - 0x00007ff956798000 	C:\Windows\System32\PSAPI.DLL
0x00007ff930630000 - 0x00007ff930639000 	C:\Windows\SYSTEM32\WSOCK32.dll
0x00007ff949ab0000 - 0x00007ff949ad7000 	C:\Windows\SYSTEM32\WINMM.dll
0x00007ff956d30000 - 0x00007ff956d9b000 	C:\Windows\System32\WS2_32.dll
0x00007ff953980000 - 0x00007ff953992000 	C:\Windows\SYSTEM32\kernel.appcore.dll
0x00007ff9509c0000 - 0x00007ff9509ca000 	C:\Program Files\Java\jdk-17.0.2\bin\jimage.dll
0x00007ff953770000 - 0x00007ff953954000 	C:\Windows\SYSTEM32\DBGHELP.DLL
0x00007ff946e20000 - 0x00007ff946e4c000 	C:\Windows\SYSTEM32\dbgcore.DLL
0x00007ff955440000 - 0x00007ff9554c2000 	C:\Windows\System32\bcryptPrimitives.dll
0x00007ff944140000 - 0x00007ff944165000 	C:\Program Files\Java\jdk-17.0.2\bin\java.dll

dbghelp: loaded successfully - version: 4.0.5 - missing functions: none
symbol engine: initialized successfully - sym options: 0x614 - pdb path: .;C:\Program Files\Java\jdk-17.0.2\bin;C:\Windows\SYSTEM32;C:\Windows\WinSxS\amd64_microsoft.windows.common-controls_6595b64144ccf1df_6.0.19041.1110_none_60b5254171f9507e;C:\Program Files\Java\jdk-17.0.2\bin\server

VM Arguments:
jvm_args: -Dfile.encoding=UTF-8 --module-path=D:\workspace\eclipse-workspace\Programowanie objektowe\cw3\cw8\bin -XX:+ShowCodeDetailsInExceptionMessages -Djdk.module.main=Cw8 
java_command: Cw8/cw8.Cw8
java_class_path (initial): <not set>
Launcher Type: SUN_STANDARD

[Global flags]
     intx CICompilerCount                          = 4                                         {product} {ergonomic}
     uint ConcGCThreads                            = 3                                         {product} {ergonomic}
     uint G1ConcRefinementThreads                  = 10                                        {product} {ergonomic}
   size_t G1HeapRegionSize                         = 2097152                                   {product} {ergonomic}
    uintx GCDrainStackTargetSize                   = 64                                        {product} {ergonomic}
   size_t InitialHeapSize                          = 257949696                                 {product} {ergonomic}
   size_t MarkStackSize                            = 4194304                                   {product} {ergonomic}
   size_t MaxHeapSize                              = 4127195136                                {product} {ergonomic}
   size_t MinHeapDeltaBytes                        = 2097152                                   {product} {ergonomic}
   size_t MinHeapSize                              = 8388608                                   {product} {ergonomic}
    uintx NonNMethodCodeHeapSize                   = 5839372                                {pd product} {ergonomic}
    uintx NonProfiledCodeHeapSize                  = 122909434                              {pd product} {ergonomic}
    uintx ProfiledCodeHeapSize                     = 122909434                              {pd product} {ergonomic}
    uintx ReservedCodeCacheSize                    = 251658240                              {pd product} {ergonomic}
     bool SegmentedCodeCache                       = true                                      {product} {ergonomic}
     bool ShowCodeDetailsInExceptionMessages       = true                                   {manageable} {command line}
   size_t SoftMaxHeapSize                          = 4127195136                             {manageable} {ergonomic}
     bool UseCompressedClassPointers               = true                           {product lp64_product} {ergonomic}
     bool UseCompressedOops                        = true                           {product lp64_product} {ergonomic}
     bool UseG1GC                                  = true                                      {product} {ergonomic}
     bool UseLargePagesIndividualAllocation        = false                                  {pd product} {ergonomic}

Logging:
Log output configuration:
 #0: stdout all=warning uptime,level,tags
 #1: stderr all=off uptime,level,tags

Environment Variables:
PATH=C:\ProgramData\Oracle\Java\javapath;C:\Program Files\Common Files\Oracle\Java\javapath;C:\Windows\system32;C:\Windows;C:\Windows\System32\Wbem;C:\Windows\System32\WindowsPowerShell\v1.0\;C:\Windows\System32\OpenSSH\;C:\Program Files\nodejs\;C:\Program Files\NVIDIA Corporation\NVIDIA NvDLISR;C:\Program Files (x86)\NVIDIA Corporation\PhysX\Common;C:\Program Files\Java\jdk-17.0.2\bin;C:\Users\glapi\AppData\Local\Programs\Python\Python310\Scripts\;C:\Users\glapi\AppData\Local\Programs\Python\Python310\;C:\Users\glapi\AppData\Local\Microsoft\WindowsApps;C:\Users\glapi\AppData\Roaming\npm;D:\programs\Microsoft VS Code\bin;
USERNAME=glapi
OS=Windows_NT
PROCESSOR_IDENTIFIER=AMD64 Family 23 Model 96 Stepping 1, AuthenticAMD



---------------  S Y S T E M  ---------------

OS:
 Windows 10 , 64 bit Build 19041 (10.0.19041.1503)
OS uptime: 3 days 23:43 hours

CPU: total 12 (initial active 12) (12 cores per cpu, 2 threads per core) family 23 model 96 stepping 1 microcode 0x0, cx8, cmov, fxsr, ht, mmx, 3dnowpref, sse, sse2, sse3, ssse3, sse4a, sse4.1, sse4.2, popcnt, lzcnt, tsc, tscinvbit, avx, avx2, aes, clmul, bmi1, bmi2, adx, sha, fma, vzeroupper, clflush, clflushopt

Memory: 4k page, system-wide physical 15741M (5187M free)
TotalPageFile size 32438M (AvailPageFile size 152M)
current process WorkingSet (physical memory assigned to process): 10M, peak: 10M
current process commit charge ("private bytes"): 64M, peak: 310M

vm_info: Java HotSpot(TM) 64-Bit Server VM (17.0.2+8-LTS-86) for windows-amd64 JRE (17.0.2+8-LTS-86), built on Dec  7 2021 21:51:03 by "mach5one" with MS VC++ 16.8 / 16.9 (VS2019)

END.
